CRITICAL - 2025-02-13 20:57:10 --> Undefined variable $login
in APPPATH\Models\Monmodele.php on line 175.
 1 APPPATH\Models\Monmodele.php(175): CodeIgniter\Debug\Exceptions->errorHandler(2, 'Undefined variable $login', 'C:\\Users\\ezK2o\\Documents\\GitHub\\NouvelleVague\\app\\Models\\Monmodele.php', 175)
 2 APPPATH\Controllers\c_Administration.php(166): App\Models\Monmodele->getidTypeEvenement(null)
 3 SYSTEMPATH\CodeIgniter.php(942): App\Controllers\c_Administration->creerEvenements()
 4 SYSTEMPATH\CodeIgniter.php(502): CodeIgniter\CodeIgniter->runController(Object(App\Controllers\c_Administration))
 5 SYSTEMPATH\CodeIgniter.php(361): CodeIgniter\CodeIgniter->handleRequest(null, Object(Config\Cache), false)
 6 FCPATH\index.php(79): CodeIgniter\CodeIgniter->run()
CRITICAL - 2025-02-13 20:58:34 --> Undefined array key 0
in APPPATH\Models\Monmodele.php on line 178.
 1 APPPATH\Models\Monmodele.php(178): CodeIgniter\Debug\Exceptions->errorHandler(2, 'Undefined array key 0', 'C:\\Users\\ezK2o\\Documents\\GitHub\\NouvelleVague\\app\\Models\\Monmodele.php', 178)
 2 APPPATH\Controllers\c_Administration.php(166): App\Models\Monmodele->getidTypeEvenement(null)
 3 SYSTEMPATH\CodeIgniter.php(942): App\Controllers\c_Administration->creerEvenements()
 4 SYSTEMPATH\CodeIgniter.php(502): CodeIgniter\CodeIgniter->runController(Object(App\Controllers\c_Administration))
 5 SYSTEMPATH\CodeIgniter.php(361): CodeIgniter\CodeIgniter->handleRequest(null, Object(Config\Cache), false)
 6 FCPATH\index.php(79): CodeIgniter\CodeIgniter->run()
CRITICAL - 2025-02-13 20:58:52 --> Undefined array key 0
in APPPATH\Models\Monmodele.php on line 178.
 1 APPPATH\Models\Monmodele.php(178): CodeIgniter\Debug\Exceptions->errorHandler(2, 'Undefined array key 0', 'C:\\Users\\ezK2o\\Documents\\GitHub\\NouvelleVague\\app\\Models\\Monmodele.php', 178)
 2 APPPATH\Controllers\c_Administration.php(166): App\Models\Monmodele->getidTypeEvenement(null)
 3 SYSTEMPATH\CodeIgniter.php(942): App\Controllers\c_Administration->creerEvenements()
 4 SYSTEMPATH\CodeIgniter.php(502): CodeIgniter\CodeIgniter->runController(Object(App\Controllers\c_Administration))
 5 SYSTEMPATH\CodeIgniter.php(361): CodeIgniter\CodeIgniter->handleRequest(null, Object(Config\Cache), false)
 6 FCPATH\index.php(79): CodeIgniter\CodeIgniter->run()
CRITICAL - 2025-02-13 21:01:46 --> Undefined array key 0
in APPPATH\Models\Monmodele.php on line 178.
 1 APPPATH\Models\Monmodele.php(178): CodeIgniter\Debug\Exceptions->errorHandler(2, 'Undefined array key 0', 'C:\\Users\\ezK2o\\Documents\\GitHub\\NouvelleVague\\app\\Models\\Monmodele.php', 178)
 2 APPPATH\Controllers\c_Administration.php(166): App\Models\Monmodele->getidTypeEvenement(null)
 3 SYSTEMPATH\CodeIgniter.php(942): App\Controllers\c_Administration->creerEvenements()
 4 SYSTEMPATH\CodeIgniter.php(502): CodeIgniter\CodeIgniter->runController(Object(App\Controllers\c_Administration))
 5 SYSTEMPATH\CodeIgniter.php(361): CodeIgniter\CodeIgniter->handleRequest(null, Object(Config\Cache), false)
 6 FCPATH\index.php(79): CodeIgniter\CodeIgniter->run()
CRITICAL - 2025-02-13 21:03:30 --> Undefined array key 0
in APPPATH\Models\Monmodele.php on line 178.
 1 APPPATH\Models\Monmodele.php(178): CodeIgniter\Debug\Exceptions->errorHandler(2, 'Undefined array key 0', 'C:\\Users\\ezK2o\\Documents\\GitHub\\NouvelleVague\\app\\Models\\Monmodele.php', 178)
 2 APPPATH\Controllers\c_Administration.php(166): App\Models\Monmodele->getidTypeEvenement(null)
 3 SYSTEMPATH\CodeIgniter.php(942): App\Controllers\c_Administration->creerEvenements()
 4 SYSTEMPATH\CodeIgniter.php(502): CodeIgniter\CodeIgniter->runController(Object(App\Controllers\c_Administration))
 5 SYSTEMPATH\CodeIgniter.php(361): CodeIgniter\CodeIgniter->handleRequest(null, Object(Config\Cache), false)
 6 FCPATH\index.php(79): CodeIgniter\CodeIgniter->run()
CRITICAL - 2025-02-13 21:03:38 --> Undefined array key 0
in APPPATH\Models\Monmodele.php on line 178.
 1 APPPATH\Models\Monmodele.php(178): CodeIgniter\Debug\Exceptions->errorHandler(2, 'Undefined array key 0', 'C:\\Users\\ezK2o\\Documents\\GitHub\\NouvelleVague\\app\\Models\\Monmodele.php', 178)
 2 APPPATH\Controllers\c_Administration.php(166): App\Models\Monmodele->getidTypeEvenement(null)
 3 SYSTEMPATH\CodeIgniter.php(942): App\Controllers\c_Administration->creerEvenements()
 4 SYSTEMPATH\CodeIgniter.php(502): CodeIgniter\CodeIgniter->runController(Object(App\Controllers\c_Administration))
 5 SYSTEMPATH\CodeIgniter.php(361): CodeIgniter\CodeIgniter->handleRequest(null, Object(Config\Cache), false)
 6 FCPATH\index.php(79): CodeIgniter\CodeIgniter->run()
CRITICAL - 2025-02-13 21:03:50 --> Undefined array key 0
in APPPATH\Models\Monmodele.php on line 178.
 1 APPPATH\Models\Monmodele.php(178): CodeIgniter\Debug\Exceptions->errorHandler(2, 'Undefined array key 0', 'C:\\Users\\ezK2o\\Documents\\GitHub\\NouvelleVague\\app\\Models\\Monmodele.php', 178)
 2 APPPATH\Controllers\c_Administration.php(166): App\Models\Monmodele->getidTypeEvenement(null)
 3 SYSTEMPATH\CodeIgniter.php(942): App\Controllers\c_Administration->creerEvenements()
 4 SYSTEMPATH\CodeIgniter.php(502): CodeIgniter\CodeIgniter->runController(Object(App\Controllers\c_Administration))
 5 SYSTEMPATH\CodeIgniter.php(361): CodeIgniter\CodeIgniter->handleRequest(null, Object(Config\Cache), false)
 6 FCPATH\index.php(79): CodeIgniter\CodeIgniter->run()
ERROR - 2025-02-13 21:05:11 --> mysqli_sql_exception: Champ 'description' inconnu dans field list in C:\Users\ezK2o\Documents\GitHub\NouvelleVague\system\Database\MySQLi\Connection.php:306
Stack trace:
#0 C:\Users\ezK2o\Documents\GitHub\NouvelleVague\system\Database\MySQLi\Connection.php(306): mysqli->query('INSERT INTO `ev...', 0)
#1 C:\Users\ezK2o\Documents\GitHub\NouvelleVague\system\Database\BaseConnection.php(693): CodeIgniter\Database\MySQLi\Connection->execute('INSERT INTO `ev...')
#2 C:\Users\ezK2o\Documents\GitHub\NouvelleVague\system\Database\BaseConnection.php(607): CodeIgniter\Database\BaseConnection->simpleQuery('INSERT INTO `ev...')
#3 C:\Users\ezK2o\Documents\GitHub\NouvelleVague\system\Database\BaseBuilder.php(2308): CodeIgniter\Database\BaseConnection->query('INSERT INTO `ev...', Array, false)
#4 C:\Users\ezK2o\Documents\GitHub\NouvelleVague\app\Models\Monmodele.php(167): CodeIgniter\Database\BaseBuilder->insert(Array)
#5 C:\Users\ezK2o\Documents\GitHub\NouvelleVague\app\Controllers\c_Administration.php(169): App\Models\Monmodele->ajouterEvenement('Foire du trone', '2025-02-13', 'La foire du tro...', '100', '03:00:00', NULL)
#6 C:\Users\ezK2o\Documents\GitHub\NouvelleVague\system\CodeIgniter.php(942): App\Controllers\c_Administration->creerEvenements()
#7 C:\Users\ezK2o\Documents\GitHub\NouvelleVague\system\CodeIgniter.php(502): CodeIgniter\CodeIgniter->runController(Object(App\Controllers\c_Administration))
#8 C:\Users\ezK2o\Documents\GitHub\NouvelleVague\system\CodeIgniter.php(361): CodeIgniter\CodeIgniter->handleRequest(NULL, Object(Config\Cache), false)
#9 C:\Users\ezK2o\Documents\GitHub\NouvelleVague\public\index.php(79): CodeIgniter\CodeIgniter->run()
#10 {main}
CRITICAL - 2025-02-13 21:05:11 --> Champ 'description' inconnu dans field list
in SYSTEMPATH\Database\BaseConnection.php on line 647.
 1 SYSTEMPATH\Database\BaseBuilder.php(2308): CodeIgniter\Database\BaseConnection->query('INSERT INTO `evenements` (`nomEvenement`, `dateEvenement`, `description`, `nbplaceDispo`, `nbplaceMax`, `dureeEvenement`, `idtypeEvenement`, `statutEvenement`) VALUES (:nomEvenement:, :dateEvenement:, :description:, :nbplaceDispo:, :nbplaceMax:, :dureeEvenement:, :idtypeEvenement:, :statutEvenement:)', [...], false)
 2 APPPATH\Models\Monmodele.php(167): CodeIgniter\Database\BaseBuilder->insert([...])
 3 APPPATH\Controllers\c_Administration.php(169): App\Models\Monmodele->ajouterEvenement('Foire du trone', '2025-02-13', 'La foire du trone', '100', '03:00:00', null)
 4 SYSTEMPATH\CodeIgniter.php(942): App\Controllers\c_Administration->creerEvenements()
 5 SYSTEMPATH\CodeIgniter.php(502): CodeIgniter\CodeIgniter->runController(Object(App\Controllers\c_Administration))
 6 SYSTEMPATH\CodeIgniter.php(361): CodeIgniter\CodeIgniter->handleRequest(null, Object(Config\Cache), false)
 7 FCPATH\index.php(79): CodeIgniter\CodeIgniter->run()
ERROR - 2025-02-13 21:08:13 --> mysqli_sql_exception: Champ 'description' inconnu dans field list in C:\Users\ezK2o\Documents\GitHub\NouvelleVague\system\Database\MySQLi\Connection.php:306
Stack trace:
#0 C:\Users\ezK2o\Documents\GitHub\NouvelleVague\system\Database\MySQLi\Connection.php(306): mysqli->query('INSERT INTO `ev...', 0)
#1 C:\Users\ezK2o\Documents\GitHub\NouvelleVague\system\Database\BaseConnection.php(693): CodeIgniter\Database\MySQLi\Connection->execute('INSERT INTO `ev...')
#2 C:\Users\ezK2o\Documents\GitHub\NouvelleVague\system\Database\BaseConnection.php(607): CodeIgniter\Database\BaseConnection->simpleQuery('INSERT INTO `ev...')
#3 C:\Users\ezK2o\Documents\GitHub\NouvelleVague\system\Database\BaseBuilder.php(2308): CodeIgniter\Database\BaseConnection->query('INSERT INTO `ev...', Array, false)
#4 C:\Users\ezK2o\Documents\GitHub\NouvelleVague\app\Models\Monmodele.php(167): CodeIgniter\Database\BaseBuilder->insert(Array)
#5 C:\Users\ezK2o\Documents\GitHub\NouvelleVague\app\Controllers\c_Administration.php(169): App\Models\Monmodele->ajouterEvenement('Foire du trone', '2025-02-13', 'La foire du tro...', '100', '03:00:00', NULL)
#6 C:\Users\ezK2o\Documents\GitHub\NouvelleVague\system\CodeIgniter.php(942): App\Controllers\c_Administration->creerEvenements()
#7 C:\Users\ezK2o\Documents\GitHub\NouvelleVague\system\CodeIgniter.php(502): CodeIgniter\CodeIgniter->runController(Object(App\Controllers\c_Administration))
#8 C:\Users\ezK2o\Documents\GitHub\NouvelleVague\system\CodeIgniter.php(361): CodeIgniter\CodeIgniter->handleRequest(NULL, Object(Config\Cache), false)
#9 C:\Users\ezK2o\Documents\GitHub\NouvelleVague\public\index.php(79): CodeIgniter\CodeIgniter->run()
#10 {main}
CRITICAL - 2025-02-13 21:08:13 --> Champ 'description' inconnu dans field list
in SYSTEMPATH\Database\BaseConnection.php on line 647.
 1 SYSTEMPATH\Database\BaseBuilder.php(2308): CodeIgniter\Database\BaseConnection->query('INSERT INTO `evenements` (`nomEvenement`, `dateEvenement`, `description`, `nbplaceDispo`, `nbplaceMax`, `dureeEvenement`, `idtypeEvenement`, `statutEvenement`) VALUES (:nomEvenement:, :dateEvenement:, :description:, :nbplaceDispo:, :nbplaceMax:, :dureeEvenement:, :idtypeEvenement:, :statutEvenement:)', [...], false)
 2 APPPATH\Models\Monmodele.php(167): CodeIgniter\Database\BaseBuilder->insert([...])
 3 APPPATH\Controllers\c_Administration.php(169): App\Models\Monmodele->ajouterEvenement('Foire du trone', '2025-02-13', 'La foire du trone', '100', '03:00:00', null)
 4 SYSTEMPATH\CodeIgniter.php(942): App\Controllers\c_Administration->creerEvenements()
 5 SYSTEMPATH\CodeIgniter.php(502): CodeIgniter\CodeIgniter->runController(Object(App\Controllers\c_Administration))
 6 SYSTEMPATH\CodeIgniter.php(361): CodeIgniter\CodeIgniter->handleRequest(null, Object(Config\Cache), false)
 7 FCPATH\index.php(79): CodeIgniter\CodeIgniter->run()
CRITICAL - 2025-02-13 21:08:26 --> Undefined array key 0
in APPPATH\Models\Monmodele.php on line 178.
 1 APPPATH\Models\Monmodele.php(178): CodeIgniter\Debug\Exceptions->errorHandler(2, 'Undefined array key 0', 'C:\\Users\\ezK2o\\Documents\\GitHub\\NouvelleVague\\app\\Models\\Monmodele.php', 178)
 2 APPPATH\Controllers\c_Administration.php(166): App\Models\Monmodele->getidTypeEvenement(null)
 3 SYSTEMPATH\CodeIgniter.php(942): App\Controllers\c_Administration->creerEvenements()
 4 SYSTEMPATH\CodeIgniter.php(502): CodeIgniter\CodeIgniter->runController(Object(App\Controllers\c_Administration))
 5 SYSTEMPATH\CodeIgniter.php(361): CodeIgniter\CodeIgniter->handleRequest(null, Object(Config\Cache), false)
 6 FCPATH\index.php(79): CodeIgniter\CodeIgniter->run()
ERROR - 2025-02-13 21:08:51 --> mysqli_sql_exception: Champ 'description' inconnu dans field list in C:\Users\ezK2o\Documents\GitHub\NouvelleVague\system\Database\MySQLi\Connection.php:306
Stack trace:
#0 C:\Users\ezK2o\Documents\GitHub\NouvelleVague\system\Database\MySQLi\Connection.php(306): mysqli->query('INSERT INTO `ev...', 0)
#1 C:\Users\ezK2o\Documents\GitHub\NouvelleVague\system\Database\BaseConnection.php(693): CodeIgniter\Database\MySQLi\Connection->execute('INSERT INTO `ev...')
#2 C:\Users\ezK2o\Documents\GitHub\NouvelleVague\system\Database\BaseConnection.php(607): CodeIgniter\Database\BaseConnection->simpleQuery('INSERT INTO `ev...')
#3 C:\Users\ezK2o\Documents\GitHub\NouvelleVague\system\Database\BaseBuilder.php(2308): CodeIgniter\Database\BaseConnection->query('INSERT INTO `ev...', Array, false)
#4 C:\Users\ezK2o\Documents\GitHub\NouvelleVague\app\Models\Monmodele.php(167): CodeIgniter\Database\BaseBuilder->insert(Array)
#5 C:\Users\ezK2o\Documents\GitHub\NouvelleVague\app\Controllers\c_Administration.php(169): App\Models\Monmodele->ajouterEvenement('Foire du trone', '2025-02-13', 'La foire du tro...', '100', '03:00:00', NULL)
#6 C:\Users\ezK2o\Documents\GitHub\NouvelleVague\system\CodeIgniter.php(942): App\Controllers\c_Administration->creerEvenements()
#7 C:\Users\ezK2o\Documents\GitHub\NouvelleVague\system\CodeIgniter.php(502): CodeIgniter\CodeIgniter->runController(Object(App\Controllers\c_Administration))
#8 C:\Users\ezK2o\Documents\GitHub\NouvelleVague\system\CodeIgniter.php(361): CodeIgniter\CodeIgniter->handleRequest(NULL, Object(Config\Cache), false)
#9 C:\Users\ezK2o\Documents\GitHub\NouvelleVague\public\index.php(79): CodeIgniter\CodeIgniter->run()
#10 {main}
CRITICAL - 2025-02-13 21:08:51 --> Champ 'description' inconnu dans field list
in SYSTEMPATH\Database\BaseConnection.php on line 647.
 1 SYSTEMPATH\Database\BaseBuilder.php(2308): CodeIgniter\Database\BaseConnection->query('INSERT INTO `evenements` (`nomEvenement`, `dateEvenement`, `description`, `nbplaceDispo`, `nbplaceMax`, `dureeEvenement`, `idtypeEvenement`, `statutEvenement`) VALUES (:nomEvenement:, :dateEvenement:, :description:, :nbplaceDispo:, :nbplaceMax:, :dureeEvenement:, :idtypeEvenement:, :statutEvenement:)', [...], false)
 2 APPPATH\Models\Monmodele.php(167): CodeIgniter\Database\BaseBuilder->insert([...])
 3 APPPATH\Controllers\c_Administration.php(169): App\Models\Monmodele->ajouterEvenement('Foire du trone', '2025-02-13', 'La foire du trone', '100', '03:00:00', null)
 4 SYSTEMPATH\CodeIgniter.php(942): App\Controllers\c_Administration->creerEvenements()
 5 SYSTEMPATH\CodeIgniter.php(502): CodeIgniter\CodeIgniter->runController(Object(App\Controllers\c_Administration))
 6 SYSTEMPATH\CodeIgniter.php(361): CodeIgniter\CodeIgniter->handleRequest(null, Object(Config\Cache), false)
 7 FCPATH\index.php(79): CodeIgniter\CodeIgniter->run()
ERROR - 2025-02-13 21:09:28 --> mysqli_sql_exception: Champ 'description' inconnu dans field list in C:\Users\ezK2o\Documents\GitHub\NouvelleVague\system\Database\MySQLi\Connection.php:306
Stack trace:
#0 C:\Users\ezK2o\Documents\GitHub\NouvelleVague\system\Database\MySQLi\Connection.php(306): mysqli->query('INSERT INTO `ev...', 0)
#1 C:\Users\ezK2o\Documents\GitHub\NouvelleVague\system\Database\BaseConnection.php(693): CodeIgniter\Database\MySQLi\Connection->execute('INSERT INTO `ev...')
#2 C:\Users\ezK2o\Documents\GitHub\NouvelleVague\system\Database\BaseConnection.php(607): CodeIgniter\Database\BaseConnection->simpleQuery('INSERT INTO `ev...')
#3 C:\Users\ezK2o\Documents\GitHub\NouvelleVague\system\Database\BaseBuilder.php(2308): CodeIgniter\Database\BaseConnection->query('INSERT INTO `ev...', Array, false)
#4 C:\Users\ezK2o\Documents\GitHub\NouvelleVague\app\Models\Monmodele.php(167): CodeIgniter\Database\BaseBuilder->insert(Array)
#5 C:\Users\ezK2o\Documents\GitHub\NouvelleVague\app\Controllers\c_Administration.php(171): App\Models\Monmodele->ajouterEvenement('Foire du trone', '2025-02-13', 'La foire du tro...', '100', '03:00:00', 1)
#6 C:\Users\ezK2o\Documents\GitHub\NouvelleVague\system\CodeIgniter.php(942): App\Controllers\c_Administration->creerEvenements()
#7 C:\Users\ezK2o\Documents\GitHub\NouvelleVague\system\CodeIgniter.php(502): CodeIgniter\CodeIgniter->runController(Object(App\Controllers\c_Administration))
#8 C:\Users\ezK2o\Documents\GitHub\NouvelleVague\system\CodeIgniter.php(361): CodeIgniter\CodeIgniter->handleRequest(NULL, Object(Config\Cache), false)
#9 C:\Users\ezK2o\Documents\GitHub\NouvelleVague\public\index.php(79): CodeIgniter\CodeIgniter->run()
#10 {main}
CRITICAL - 2025-02-13 21:09:28 --> Champ 'description' inconnu dans field list
in SYSTEMPATH\Database\BaseConnection.php on line 647.
 1 SYSTEMPATH\Database\BaseBuilder.php(2308): CodeIgniter\Database\BaseConnection->query('INSERT INTO `evenements` (`nomEvenement`, `dateEvenement`, `description`, `nbplaceDispo`, `nbplaceMax`, `dureeEvenement`, `idtypeEvenement`, `statutEvenement`) VALUES (:nomEvenement:, :dateEvenement:, :description:, :nbplaceDispo:, :nbplaceMax:, :dureeEvenement:, :idtypeEvenement:, :statutEvenement:)', [...], false)
 2 APPPATH\Models\Monmodele.php(167): CodeIgniter\Database\BaseBuilder->insert([...])
 3 APPPATH\Controllers\c_Administration.php(171): App\Models\Monmodele->ajouterEvenement('Foire du trone', '2025-02-13', 'La foire du trone', '100', '03:00:00', 1)
 4 SYSTEMPATH\CodeIgniter.php(942): App\Controllers\c_Administration->creerEvenements()
 5 SYSTEMPATH\CodeIgniter.php(502): CodeIgniter\CodeIgniter->runController(Object(App\Controllers\c_Administration))
 6 SYSTEMPATH\CodeIgniter.php(361): CodeIgniter\CodeIgniter->handleRequest(null, Object(Config\Cache), false)
 7 FCPATH\index.php(79): CodeIgniter\CodeIgniter->run()
ERROR - 2025-02-13 21:09:46 --> mysqli_sql_exception: Champ 'description' inconnu dans field list in C:\Users\ezK2o\Documents\GitHub\NouvelleVague\system\Database\MySQLi\Connection.php:306
Stack trace:
#0 C:\Users\ezK2o\Documents\GitHub\NouvelleVague\system\Database\MySQLi\Connection.php(306): mysqli->query('INSERT INTO `ev...', 0)
#1 C:\Users\ezK2o\Documents\GitHub\NouvelleVague\system\Database\BaseConnection.php(693): CodeIgniter\Database\MySQLi\Connection->execute('INSERT INTO `ev...')
#2 C:\Users\ezK2o\Documents\GitHub\NouvelleVague\system\Database\BaseConnection.php(607): CodeIgniter\Database\BaseConnection->simpleQuery('INSERT INTO `ev...')
#3 C:\Users\ezK2o\Documents\GitHub\NouvelleVague\system\Database\BaseBuilder.php(2308): CodeIgniter\Database\BaseConnection->query('INSERT INTO `ev...', Array, false)
#4 C:\Users\ezK2o\Documents\GitHub\NouvelleVague\app\Models\Monmodele.php(167): CodeIgniter\Database\BaseBuilder->insert(Array)
#5 C:\Users\ezK2o\Documents\GitHub\NouvelleVague\app\Controllers\c_Administration.php(171): App\Models\Monmodele->ajouterEvenement('te', '2025-02-15', 'te', '100', '03:00:00', 1)
#6 C:\Users\ezK2o\Documents\GitHub\NouvelleVague\system\CodeIgniter.php(942): App\Controllers\c_Administration->creerEvenements()
#7 C:\Users\ezK2o\Documents\GitHub\NouvelleVague\system\CodeIgniter.php(502): CodeIgniter\CodeIgniter->runController(Object(App\Controllers\c_Administration))
#8 C:\Users\ezK2o\Documents\GitHub\NouvelleVague\system\CodeIgniter.php(361): CodeIgniter\CodeIgniter->handleRequest(NULL, Object(Config\Cache), false)
#9 C:\Users\ezK2o\Documents\GitHub\NouvelleVague\public\index.php(79): CodeIgniter\CodeIgniter->run()
#10 {main}
CRITICAL - 2025-02-13 21:09:46 --> Champ 'description' inconnu dans field list
in SYSTEMPATH\Database\BaseConnection.php on line 647.
 1 SYSTEMPATH\Database\BaseBuilder.php(2308): CodeIgniter\Database\BaseConnection->query('INSERT INTO `evenements` (`nomEvenement`, `dateEvenement`, `description`, `nbplaceDispo`, `nbplaceMax`, `dureeEvenement`, `idtypeEvenement`, `statutEvenement`) VALUES (:nomEvenement:, :dateEvenement:, :description:, :nbplaceDispo:, :nbplaceMax:, :dureeEvenement:, :idtypeEvenement:, :statutEvenement:)', [...], false)
 2 APPPATH\Models\Monmodele.php(167): CodeIgniter\Database\BaseBuilder->insert([...])
 3 APPPATH\Controllers\c_Administration.php(171): App\Models\Monmodele->ajouterEvenement('te', '2025-02-15', 'te', '100', '03:00:00', 1)
 4 SYSTEMPATH\CodeIgniter.php(942): App\Controllers\c_Administration->creerEvenements()
 5 SYSTEMPATH\CodeIgniter.php(502): CodeIgniter\CodeIgniter->runController(Object(App\Controllers\c_Administration))
 6 SYSTEMPATH\CodeIgniter.php(361): CodeIgniter\CodeIgniter->handleRequest(null, Object(Config\Cache), false)
 7 FCPATH\index.php(79): CodeIgniter\CodeIgniter->run()
CRITICAL - 2025-02-13 21:11:11 --> Undefined variable $description
in APPPATH\Models\Monmodele.php on line 158.
 1 APPPATH\Models\Monmodele.php(158): CodeIgniter\Debug\Exceptions->errorHandler(2, 'Undefined variable $description', 'C:\\Users\\ezK2o\\Documents\\GitHub\\NouvelleVague\\app\\Models\\Monmodele.php', 158)
 2 APPPATH\Controllers\c_Administration.php(171): App\Models\Monmodele->ajouterEvenement('te', '2025-02-15', 'te', '100', '03:00:00', 1)
 3 SYSTEMPATH\CodeIgniter.php(942): App\Controllers\c_Administration->creerEvenements()
 4 SYSTEMPATH\CodeIgniter.php(502): CodeIgniter\CodeIgniter->runController(Object(App\Controllers\c_Administration))
 5 SYSTEMPATH\CodeIgniter.php(361): CodeIgniter\CodeIgniter->handleRequest(null, Object(Config\Cache), false)
 6 FCPATH\index.php(79): CodeIgniter\CodeIgniter->run()
ERROR - 2025-02-13 21:12:14 --> mysqli_sql_exception: Le champ 'idtypeEvenement' ne peut être vide (null) in C:\Users\ezK2o\Documents\GitHub\NouvelleVague\system\Database\MySQLi\Connection.php:306
Stack trace:
#0 C:\Users\ezK2o\Documents\GitHub\NouvelleVague\system\Database\MySQLi\Connection.php(306): mysqli->query('INSERT INTO `ev...', 0)
#1 C:\Users\ezK2o\Documents\GitHub\NouvelleVague\system\Database\BaseConnection.php(693): CodeIgniter\Database\MySQLi\Connection->execute('INSERT INTO `ev...')
#2 C:\Users\ezK2o\Documents\GitHub\NouvelleVague\system\Database\BaseConnection.php(607): CodeIgniter\Database\BaseConnection->simpleQuery('INSERT INTO `ev...')
#3 C:\Users\ezK2o\Documents\GitHub\NouvelleVague\system\Database\BaseBuilder.php(2308): CodeIgniter\Database\BaseConnection->query('INSERT INTO `ev...', Array, false)
#4 C:\Users\ezK2o\Documents\GitHub\NouvelleVague\app\Models\Monmodele.php(167): CodeIgniter\Database\BaseBuilder->insert(Array)
#5 C:\Users\ezK2o\Documents\GitHub\NouvelleVague\app\Controllers\c_Administration.php(169): App\Models\Monmodele->ajouterEvenement('te', '2025-02-15', 'te', '100', '03:00:00', NULL)
#6 C:\Users\ezK2o\Documents\GitHub\NouvelleVague\system\CodeIgniter.php(942): App\Controllers\c_Administration->creerEvenements()
#7 C:\Users\ezK2o\Documents\GitHub\NouvelleVague\system\CodeIgniter.php(502): CodeIgniter\CodeIgniter->runController(Object(App\Controllers\c_Administration))
#8 C:\Users\ezK2o\Documents\GitHub\NouvelleVague\system\CodeIgniter.php(361): CodeIgniter\CodeIgniter->handleRequest(NULL, Object(Config\Cache), false)
#9 C:\Users\ezK2o\Documents\GitHub\NouvelleVague\public\index.php(79): CodeIgniter\CodeIgniter->run()
#10 {main}
CRITICAL - 2025-02-13 21:12:14 --> Le champ 'idtypeEvenement' ne peut être vide (null)
in SYSTEMPATH\Database\BaseConnection.php on line 647.
 1 SYSTEMPATH\Database\BaseBuilder.php(2308): CodeIgniter\Database\BaseConnection->query('INSERT INTO `evenements` (`nomEvenement`, `dateEvenement`, `descrptionEvenement`, `nbplaceDispo`, `nbplaceMax`, `dureeEvenement`, `idtypeEvenement`, `statutEvenement`) VALUES (:nomEvenement:, :dateEvenement:, :descrptionEvenement:, :nbplaceDispo:, :nbplaceMax:, :dureeEvenement:, :idtypeEvenement:, :statutEvenement:)', [...], false)
 2 APPPATH\Models\Monmodele.php(167): CodeIgniter\Database\BaseBuilder->insert([...])
 3 APPPATH\Controllers\c_Administration.php(169): App\Models\Monmodele->ajouterEvenement('te', '2025-02-15', 'te', '100', '03:00:00', null)
 4 SYSTEMPATH\CodeIgniter.php(942): App\Controllers\c_Administration->creerEvenements()
 5 SYSTEMPATH\CodeIgniter.php(502): CodeIgniter\CodeIgniter->runController(Object(App\Controllers\c_Administration))
 6 SYSTEMPATH\CodeIgniter.php(361): CodeIgniter\CodeIgniter->handleRequest(null, Object(Config\Cache), false)
 7 FCPATH\index.php(79): CodeIgniter\CodeIgniter->run()
CRITICAL - 2025-02-13 21:17:15 --> Undefined array key 0
in APPPATH\Models\Monmodele.php on line 180.
 1 APPPATH\Models\Monmodele.php(180): CodeIgniter\Debug\Exceptions->errorHandler(2, 'Undefined array key 0', 'C:\\Users\\ezK2o\\Documents\\GitHub\\NouvelleVague\\app\\Models\\Monmodele.php', 180)
 2 APPPATH\Controllers\c_Administration.php(166): App\Models\Monmodele->getidTypeEvenement(null)
 3 SYSTEMPATH\CodeIgniter.php(942): App\Controllers\c_Administration->creerEvenements()
 4 SYSTEMPATH\CodeIgniter.php(502): CodeIgniter\CodeIgniter->runController(Object(App\Controllers\c_Administration))
 5 SYSTEMPATH\CodeIgniter.php(361): CodeIgniter\CodeIgniter->handleRequest(null, Object(Config\Cache), false)
 6 FCPATH\index.php(79): CodeIgniter\CodeIgniter->run()
CRITICAL - 2025-02-13 21:18:02 --> Undefined array key 0
in APPPATH\Models\Monmodele.php on line 180.
 1 APPPATH\Models\Monmodele.php(180): CodeIgniter\Debug\Exceptions->errorHandler(2, 'Undefined array key 0', 'C:\\Users\\ezK2o\\Documents\\GitHub\\NouvelleVague\\app\\Models\\Monmodele.php', 180)
 2 APPPATH\Controllers\c_Administration.php(166): App\Models\Monmodele->getidTypeEvenement(null)
 3 SYSTEMPATH\CodeIgniter.php(942): App\Controllers\c_Administration->creerEvenements()
 4 SYSTEMPATH\CodeIgniter.php(502): CodeIgniter\CodeIgniter->runController(Object(App\Controllers\c_Administration))
 5 SYSTEMPATH\CodeIgniter.php(361): CodeIgniter\CodeIgniter->handleRequest(null, Object(Config\Cache), false)
 6 FCPATH\index.php(79): CodeIgniter\CodeIgniter->run()
CRITICAL - 2025-02-13 21:18:21 --> Undefined array key 0
in APPPATH\Models\Monmodele.php on line 180.
 1 APPPATH\Models\Monmodele.php(180): CodeIgniter\Debug\Exceptions->errorHandler(2, 'Undefined array key 0', 'C:\\Users\\ezK2o\\Documents\\GitHub\\NouvelleVague\\app\\Models\\Monmodele.php', 180)
 2 APPPATH\Controllers\c_Administration.php(166): App\Models\Monmodele->getidTypeEvenement('0')
 3 SYSTEMPATH\CodeIgniter.php(942): App\Controllers\c_Administration->creerEvenements()
 4 SYSTEMPATH\CodeIgniter.php(502): CodeIgniter\CodeIgniter->runController(Object(App\Controllers\c_Administration))
 5 SYSTEMPATH\CodeIgniter.php(361): CodeIgniter\CodeIgniter->handleRequest(null, Object(Config\Cache), false)
 6 FCPATH\index.php(79): CodeIgniter\CodeIgniter->run()
ERROR - 2025-02-13 21:20:01 --> mysqli_sql_exception: Le champ 'idtypeEvenement' ne peut être vide (null) in C:\Users\ezK2o\Documents\GitHub\NouvelleVague\system\Database\MySQLi\Connection.php:306
Stack trace:
#0 C:\Users\ezK2o\Documents\GitHub\NouvelleVague\system\Database\MySQLi\Connection.php(306): mysqli->query('INSERT INTO `ev...', 0)
#1 C:\Users\ezK2o\Documents\GitHub\NouvelleVague\system\Database\BaseConnection.php(693): CodeIgniter\Database\MySQLi\Connection->execute('INSERT INTO `ev...')
#2 C:\Users\ezK2o\Documents\GitHub\NouvelleVague\system\Database\BaseConnection.php(607): CodeIgniter\Database\BaseConnection->simpleQuery('INSERT INTO `ev...')
#3 C:\Users\ezK2o\Documents\GitHub\NouvelleVague\system\Database\BaseBuilder.php(2308): CodeIgniter\Database\BaseConnection->query('INSERT INTO `ev...', Array, false)
#4 C:\Users\ezK2o\Documents\GitHub\NouvelleVague\app\Models\Monmodele.php(167): CodeIgniter\Database\BaseBuilder->insert(Array)
#5 C:\Users\ezK2o\Documents\GitHub\NouvelleVague\app\Controllers\c_Administration.php(169): App\Models\Monmodele->ajouterEvenement('test', '2025-02-16', 'tesdt', '100', '03:00:00', NULL)
#6 C:\Users\ezK2o\Documents\GitHub\NouvelleVague\system\CodeIgniter.php(942): App\Controllers\c_Administration->creerEvenements()
#7 C:\Users\ezK2o\Documents\GitHub\NouvelleVague\system\CodeIgniter.php(502): CodeIgniter\CodeIgniter->runController(Object(App\Controllers\c_Administration))
#8 C:\Users\ezK2o\Documents\GitHub\NouvelleVague\system\CodeIgniter.php(361): CodeIgniter\CodeIgniter->handleRequest(NULL, Object(Config\Cache), false)
#9 C:\Users\ezK2o\Documents\GitHub\NouvelleVague\public\index.php(79): CodeIgniter\CodeIgniter->run()
#10 {main}
CRITICAL - 2025-02-13 21:20:01 --> Le champ 'idtypeEvenement' ne peut être vide (null)
in SYSTEMPATH\Database\BaseConnection.php on line 647.
 1 SYSTEMPATH\Database\BaseBuilder.php(2308): CodeIgniter\Database\BaseConnection->query('INSERT INTO `evenements` (`nomEvenement`, `dateEvenement`, `descrptionEvenement`, `nbplaceDispo`, `nbplaceMax`, `dureeEvenement`, `idtypeEvenement`, `statutEvenement`) VALUES (:nomEvenement:, :dateEvenement:, :descrptionEvenement:, :nbplaceDispo:, :nbplaceMax:, :dureeEvenement:, :idtypeEvenement:, :statutEvenement:)', [...], false)
 2 APPPATH\Models\Monmodele.php(167): CodeIgniter\Database\BaseBuilder->insert([...])
 3 APPPATH\Controllers\c_Administration.php(169): App\Models\Monmodele->ajouterEvenement('test', '2025-02-16', 'tesdt', '100', '03:00:00', null)
 4 SYSTEMPATH\CodeIgniter.php(942): App\Controllers\c_Administration->creerEvenements()
 5 SYSTEMPATH\CodeIgniter.php(502): CodeIgniter\CodeIgniter->runController(Object(App\Controllers\c_Administration))
 6 SYSTEMPATH\CodeIgniter.php(361): CodeIgniter\CodeIgniter->handleRequest(null, Object(Config\Cache), false)
 7 FCPATH\index.php(79): CodeIgniter\CodeIgniter->run()
