CRITICAL - 2025-02-07 13:58:01 --> Cannot use object of type stdClass as array
in APPPATH\Controllers\c_Administration.php on line 123.
 1 SYSTEMPATH\CodeIgniter.php(942): App\Controllers\c_Administration->lesevenementsPopulaire()
 2 SYSTEMPATH\CodeIgniter.php(502): CodeIgniter\CodeIgniter->runController(Object(App\Controllers\c_Administration))
 3 SYSTEMPATH\CodeIgniter.php(361): CodeIgniter\CodeIgniter->handleRequest(null, Object(Config\Cache), false)
 4 FCPATH\index.php(79): CodeIgniter\CodeIgniter->run()
CRITICAL - 2025-02-07 14:14:18 --> Cannot use object of type stdClass as array
in APPPATH\Controllers\c_Administration.php on line 123.
 1 SYSTEMPATH\CodeIgniter.php(942): App\Controllers\c_Administration->lesevenementsPopulaire()
 2 SYSTEMPATH\CodeIgniter.php(502): CodeIgniter\CodeIgniter->runController(Object(App\Controllers\c_Administration))
 3 SYSTEMPATH\CodeIgniter.php(361): CodeIgniter\CodeIgniter->handleRequest(null, Object(Config\Cache), false)
 4 FCPATH\index.php(79): CodeIgniter\CodeIgniter->run()
CRITICAL - 2025-02-07 14:18:48 --> Cannot use object of type stdClass as array
in APPPATH\Controllers\c_Administration.php on line 123.
 1 SYSTEMPATH\CodeIgniter.php(942): App\Controllers\c_Administration->lesevenementsPopulaire()
 2 SYSTEMPATH\CodeIgniter.php(502): CodeIgniter\CodeIgniter->runController(Object(App\Controllers\c_Administration))
 3 SYSTEMPATH\CodeIgniter.php(361): CodeIgniter\CodeIgniter->handleRequest(null, Object(Config\Cache), false)
 4 FCPATH\index.php(79): CodeIgniter\CodeIgniter->run()
CRITICAL - 2025-02-07 14:18:49 --> Cannot use object of type stdClass as array
in APPPATH\Controllers\c_Administration.php on line 123.
 1 SYSTEMPATH\CodeIgniter.php(942): App\Controllers\c_Administration->lesevenementsPopulaire()
 2 SYSTEMPATH\CodeIgniter.php(502): CodeIgniter\CodeIgniter->runController(Object(App\Controllers\c_Administration))
 3 SYSTEMPATH\CodeIgniter.php(361): CodeIgniter\CodeIgniter->handleRequest(null, Object(Config\Cache), false)
 4 FCPATH\index.php(79): CodeIgniter\CodeIgniter->run()
CRITICAL - 2025-02-07 14:18:49 --> Cannot use object of type stdClass as array
in APPPATH\Controllers\c_Administration.php on line 123.
 1 SYSTEMPATH\CodeIgniter.php(942): App\Controllers\c_Administration->lesevenementsPopulaire()
 2 SYSTEMPATH\CodeIgniter.php(502): CodeIgniter\CodeIgniter->runController(Object(App\Controllers\c_Administration))
 3 SYSTEMPATH\CodeIgniter.php(361): CodeIgniter\CodeIgniter->handleRequest(null, Object(Config\Cache), false)
 4 FCPATH\index.php(79): CodeIgniter\CodeIgniter->run()
CRITICAL - 2025-02-07 14:18:49 --> Cannot use object of type stdClass as array
in APPPATH\Controllers\c_Administration.php on line 123.
 1 SYSTEMPATH\CodeIgniter.php(942): App\Controllers\c_Administration->lesevenementsPopulaire()
 2 SYSTEMPATH\CodeIgniter.php(502): CodeIgniter\CodeIgniter->runController(Object(App\Controllers\c_Administration))
 3 SYSTEMPATH\CodeIgniter.php(361): CodeIgniter\CodeIgniter->handleRequest(null, Object(Config\Cache), false)
 4 FCPATH\index.php(79): CodeIgniter\CodeIgniter->run()
