CRITICAL - 2024-12-10 19:42:38 --> Undefined global variable $_SESSION
in APPPATH\Controllers\Moncontroleur.php on line 7.
 1 APPPATH\Controllers\Moncontroleur.php(7): CodeIgniter\Debug\Exceptions->errorHandler(2, 'Undefined global variable $_SESSION', 'C:\\wamp64\\www\\nice\\codeigniter4.4.3\\app\\Controllers\\Moncontroleur.php', 7)
 2 SYSTEMPATH\CodeIgniter.php(942): App\Controllers\Moncontroleur->index()
 3 SYSTEMPATH\CodeIgniter.php(502): CodeIgniter\CodeIgniter->runController(Object(App\Controllers\Moncontroleur))
 4 SYSTEMPATH\CodeIgniter.php(361): CodeIgniter\CodeIgniter->handleRequest(null, Object(Config\Cache), false)
 5 FCPATH\index.php(79): CodeIgniter\CodeIgniter->run()
CRITICAL - 2024-12-10 19:49:51 --> syntax error, unexpected token "echo"
in APPPATH\Views\mavue.php on line 31.
 1 SYSTEMPATH\View\View.php(231): CodeIgniter\View\View->CodeIgniter\View\{closure}()
 2 SYSTEMPATH\Common.php(1190): CodeIgniter\View\View->render('mavue.php', [], true)
 3 APPPATH\Controllers\Moncontroleur.php(7): view('mavue.php')
 4 SYSTEMPATH\CodeIgniter.php(942): App\Controllers\Moncontroleur->index()
 5 SYSTEMPATH\CodeIgniter.php(502): CodeIgniter\CodeIgniter->runController(Object(App\Controllers\Moncontroleur))
 6 SYSTEMPATH\CodeIgniter.php(361): CodeIgniter\CodeIgniter->handleRequest(null, Object(Config\Cache), false)
 7 FCPATH\index.php(79): CodeIgniter\CodeIgniter->run()
CRITICAL - 2024-12-10 19:50:09 --> syntax error, unexpected token "echo"
in APPPATH\Views\mavue.php on line 31.
 1 SYSTEMPATH\View\View.php(231): CodeIgniter\View\View->CodeIgniter\View\{closure}()
 2 SYSTEMPATH\Common.php(1190): CodeIgniter\View\View->render('mavue.php', [], true)
 3 APPPATH\Controllers\Moncontroleur.php(7): view('mavue.php')
 4 SYSTEMPATH\CodeIgniter.php(942): App\Controllers\Moncontroleur->index()
 5 SYSTEMPATH\CodeIgniter.php(502): CodeIgniter\CodeIgniter->runController(Object(App\Controllers\Moncontroleur))
 6 SYSTEMPATH\CodeIgniter.php(361): CodeIgniter\CodeIgniter->handleRequest(null, Object(Config\Cache), false)
 7 FCPATH\index.php(79): CodeIgniter\CodeIgniter->run()
CRITICAL - 2024-12-10 20:02:53 --> Undefined global variable $_SESSION
in APPPATH\Views\v_Connexion.php on line 3.
 1 APPPATH\Views\v_Connexion.php(3): CodeIgniter\Debug\Exceptions->errorHandler(2, 'Undefined global variable $_SESSION', 'C:\\wamp64\\www\\nice\\codeigniter4.4.3\\app\\Views\\v_Connexion.php', 3)
 2 SYSTEMPATH\View\View.php(228): include('C:\\wamp64\\www\\nice\\codeigniter4.4.3\\app\\Views\\v_Connexion.php')
 3 SYSTEMPATH\View\View.php(231): CodeIgniter\View\View->CodeIgniter\View\{closure}()
 4 SYSTEMPATH\Common.php(1190): CodeIgniter\View\View->render('v_Connexion.php', [], true)
 5 APPPATH\Controllers\Moncontroleur.php(41): view('v_Connexion.php')
 6 SYSTEMPATH\CodeIgniter.php(942): App\Controllers\Moncontroleur->testConnexion()
 7 SYSTEMPATH\CodeIgniter.php(502): CodeIgniter\CodeIgniter->runController(Object(App\Controllers\Moncontroleur))
 8 SYSTEMPATH\CodeIgniter.php(361): CodeIgniter\CodeIgniter->handleRequest(null, Object(Config\Cache), false)
 9 FCPATH\index.php(79): CodeIgniter\CodeIgniter->run()
CRITICAL - 2024-12-10 20:05:22 --> Undefined property: App\Controllers\Moncontroleur::$session
in APPPATH\Controllers\Moncontroleur.php on line 37.
 1 APPPATH\Controllers\Moncontroleur.php(37): CodeIgniter\Debug\Exceptions->errorHandler(2, 'Undefined property: App\\Controllers\\Moncontroleur::$session', 'C:\\wamp64\\www\\nice\\codeigniter4.4.3\\app\\Controllers\\Moncontroleur.php', 37)
 2 SYSTEMPATH\CodeIgniter.php(942): App\Controllers\Moncontroleur->testConnexion()
 3 SYSTEMPATH\CodeIgniter.php(502): CodeIgniter\CodeIgniter->runController(Object(App\Controllers\Moncontroleur))
 4 SYSTEMPATH\CodeIgniter.php(361): CodeIgniter\CodeIgniter->handleRequest(null, Object(Config\Cache), false)
 5 FCPATH\index.php(79): CodeIgniter\CodeIgniter->run()
CRITICAL - 2024-12-10 20:06:46 --> Undefined property: App\Controllers\Moncontroleur::$session
in APPPATH\Controllers\Moncontroleur.php on line 37.
 1 APPPATH\Controllers\Moncontroleur.php(37): CodeIgniter\Debug\Exceptions->errorHandler(2, 'Undefined property: App\\Controllers\\Moncontroleur::$session', 'C:\\wamp64\\www\\nice\\codeigniter4.4.3\\app\\Controllers\\Moncontroleur.php', 37)
 2 SYSTEMPATH\CodeIgniter.php(942): App\Controllers\Moncontroleur->testConnexion()
 3 SYSTEMPATH\CodeIgniter.php(502): CodeIgniter\CodeIgniter->runController(Object(App\Controllers\Moncontroleur))
 4 SYSTEMPATH\CodeIgniter.php(361): CodeIgniter\CodeIgniter->handleRequest(null, Object(Config\Cache), false)
 5 FCPATH\index.php(79): CodeIgniter\CodeIgniter->run()
