CRITICAL - 2025-03-02 16:16:58 --> Class "Config\FPDF" not found
in APPPATH\Config\Fonction.php on line 23.
 1 APPPATH\Controllers\c_Administration.php(356): Config\Fonction->generatePdf()
 2 SYSTEMPATH\CodeIgniter.php(942): App\Controllers\c_Administration->evenementpopulairePdf()
 3 SYSTEMPATH\CodeIgniter.php(502): CodeIgniter\CodeIgniter->runController(Object(App\Controllers\c_Administration))
 4 SYSTEMPATH\CodeIgniter.php(361): CodeIgniter\CodeIgniter->handleRequest(null, Object(Config\Cache), false)
 5 FCPATH\index.php(79): CodeIgniter\CodeIgniter->run()
CRITICAL - 2025-03-02 16:17:57 --> require(Config/pdf/fpdf.php): Failed to open stream: No such file or directory
in APPPATH\Config\Fonction.php on line 21.
 1 APPPATH\Config\Fonction.php(21): CodeIgniter\Debug\Exceptions->errorHandler(2, 'require(Config/pdf/fpdf.php): Failed to open stream: No such file or directory', 'C:\\Users\\ezK2o\\Documents\\GitHub\\NouvelleVague\\app\\Config\\Fonction.php', 21)
 2 APPPATH\Config\Fonction.php(21): require()
 3 APPPATH\Controllers\c_Administration.php(356): Config\Fonction->generatePdf()
 4 SYSTEMPATH\CodeIgniter.php(942): App\Controllers\c_Administration->evenementpopulairePdf()
 5 SYSTEMPATH\CodeIgniter.php(502): CodeIgniter\CodeIgniter->runController(Object(App\Controllers\c_Administration))
 6 SYSTEMPATH\CodeIgniter.php(361): CodeIgniter\CodeIgniter->handleRequest(null, Object(Config\Cache), false)
 7 FCPATH\index.php(79): CodeIgniter\CodeIgniter->run()
CRITICAL - 2025-03-02 16:18:03 --> Class "Config\FPDF" not found
in APPPATH\Config\Fonction.php on line 23.
 1 APPPATH\Controllers\c_Administration.php(356): Config\Fonction->generatePdf()
 2 SYSTEMPATH\CodeIgniter.php(942): App\Controllers\c_Administration->evenementpopulairePdf()
 3 SYSTEMPATH\CodeIgniter.php(502): CodeIgniter\CodeIgniter->runController(Object(App\Controllers\c_Administration))
 4 SYSTEMPATH\CodeIgniter.php(361): CodeIgniter\CodeIgniter->handleRequest(null, Object(Config\Cache), false)
 5 FCPATH\index.php(79): CodeIgniter\CodeIgniter->run()
CRITICAL - 2025-03-02 16:26:15 --> require(pdf/fpdf.php): Failed to open stream: No such file or directory
in APPPATH\Config\Fonction.php on line 21.
 1 APPPATH\Config\Fonction.php(21): CodeIgniter\Debug\Exceptions->errorHandler(2, 'require(pdf/fpdf.php): Failed to open stream: No such file or directory', 'C:\\Users\\ezK2o\\Documents\\GitHub\\NouvelleVague\\app\\Config\\Fonction.php', 21)
 2 APPPATH\Config\Fonction.php(21): require()
 3 APPPATH\Controllers\c_Administration.php(356): Config\Fonction->generatePdf()
 4 SYSTEMPATH\CodeIgniter.php(942): App\Controllers\c_Administration->evenementpopulairePdf()
 5 SYSTEMPATH\CodeIgniter.php(502): CodeIgniter\CodeIgniter->runController(Object(App\Controllers\c_Administration))
 6 SYSTEMPATH\CodeIgniter.php(361): CodeIgniter\CodeIgniter->handleRequest(null, Object(Config\Cache), false)
 7 FCPATH\index.php(79): CodeIgniter\CodeIgniter->run()
CRITICAL - 2025-03-02 16:26:16 --> require(pdf/fpdf.php): Failed to open stream: No such file or directory
in APPPATH\Config\Fonction.php on line 21.
 1 APPPATH\Config\Fonction.php(21): CodeIgniter\Debug\Exceptions->errorHandler(2, 'require(pdf/fpdf.php): Failed to open stream: No such file or directory', 'C:\\Users\\ezK2o\\Documents\\GitHub\\NouvelleVague\\app\\Config\\Fonction.php', 21)
 2 APPPATH\Config\Fonction.php(21): require()
 3 APPPATH\Controllers\c_Administration.php(356): Config\Fonction->generatePdf()
 4 SYSTEMPATH\CodeIgniter.php(942): App\Controllers\c_Administration->evenementpopulairePdf()
 5 SYSTEMPATH\CodeIgniter.php(502): CodeIgniter\CodeIgniter->runController(Object(App\Controllers\c_Administration))
 6 SYSTEMPATH\CodeIgniter.php(361): CodeIgniter\CodeIgniter->handleRequest(null, Object(Config\Cache), false)
 7 FCPATH\index.php(79): CodeIgniter\CodeIgniter->run()
CRITICAL - 2025-03-02 16:26:16 --> require(pdf/fpdf.php): Failed to open stream: No such file or directory
in APPPATH\Config\Fonction.php on line 21.
 1 APPPATH\Config\Fonction.php(21): CodeIgniter\Debug\Exceptions->errorHandler(2, 'require(pdf/fpdf.php): Failed to open stream: No such file or directory', 'C:\\Users\\ezK2o\\Documents\\GitHub\\NouvelleVague\\app\\Config\\Fonction.php', 21)
 2 APPPATH\Config\Fonction.php(21): require()
 3 APPPATH\Controllers\c_Administration.php(356): Config\Fonction->generatePdf()
 4 SYSTEMPATH\CodeIgniter.php(942): App\Controllers\c_Administration->evenementpopulairePdf()
 5 SYSTEMPATH\CodeIgniter.php(502): CodeIgniter\CodeIgniter->runController(Object(App\Controllers\c_Administration))
 6 SYSTEMPATH\CodeIgniter.php(361): CodeIgniter\CodeIgniter->handleRequest(null, Object(Config\Cache), false)
 7 FCPATH\index.php(79): CodeIgniter\CodeIgniter->run()
CRITICAL - 2025-03-02 16:32:33 --> require(pdf/fpdf.php): Failed to open stream: No such file or directory
in APPPATH\Config\Fonction.php on line 24.
 1 APPPATH\Config\Fonction.php(24): CodeIgniter\Debug\Exceptions->errorHandler(2, 'require(pdf/fpdf.php): Failed to open stream: No such file or directory', 'C:\\Users\\ezK2o\\Documents\\GitHub\\NouvelleVague\\app\\Config\\Fonction.php', 24)
 2 APPPATH\Config\Fonction.php(24): require()
 3 APPPATH\Controllers\c_Administration.php(356): Config\Fonction->generatePdf()
 4 SYSTEMPATH\CodeIgniter.php(942): App\Controllers\c_Administration->evenementpopulairePdf()
 5 SYSTEMPATH\CodeIgniter.php(502): CodeIgniter\CodeIgniter->runController(Object(App\Controllers\c_Administration))
 6 SYSTEMPATH\CodeIgniter.php(361): CodeIgniter\CodeIgniter->handleRequest(null, Object(Config\Cache), false)
 7 FCPATH\index.php(79): CodeIgniter\CodeIgniter->run()
CRITICAL - 2025-03-02 16:32:35 --> require(pdf/fpdf.php): Failed to open stream: No such file or directory
in APPPATH\Config\Fonction.php on line 24.
 1 APPPATH\Config\Fonction.php(24): CodeIgniter\Debug\Exceptions->errorHandler(2, 'require(pdf/fpdf.php): Failed to open stream: No such file or directory', 'C:\\Users\\ezK2o\\Documents\\GitHub\\NouvelleVague\\app\\Config\\Fonction.php', 24)
 2 APPPATH\Config\Fonction.php(24): require()
 3 APPPATH\Controllers\c_Administration.php(356): Config\Fonction->generatePdf()
 4 SYSTEMPATH\CodeIgniter.php(942): App\Controllers\c_Administration->evenementpopulairePdf()
 5 SYSTEMPATH\CodeIgniter.php(502): CodeIgniter\CodeIgniter->runController(Object(App\Controllers\c_Administration))
 6 SYSTEMPATH\CodeIgniter.php(361): CodeIgniter\CodeIgniter->handleRequest(null, Object(Config\Cache), false)
 7 FCPATH\index.php(79): CodeIgniter\CodeIgniter->run()
CRITICAL - 2025-03-02 16:32:36 --> require(pdf/fpdf.php): Failed to open stream: No such file or directory
in APPPATH\Config\Fonction.php on line 24.
 1 APPPATH\Config\Fonction.php(24): CodeIgniter\Debug\Exceptions->errorHandler(2, 'require(pdf/fpdf.php): Failed to open stream: No such file or directory', 'C:\\Users\\ezK2o\\Documents\\GitHub\\NouvelleVague\\app\\Config\\Fonction.php', 24)
 2 APPPATH\Config\Fonction.php(24): require()
 3 APPPATH\Controllers\c_Administration.php(356): Config\Fonction->generatePdf()
 4 SYSTEMPATH\CodeIgniter.php(942): App\Controllers\c_Administration->evenementpopulairePdf()
 5 SYSTEMPATH\CodeIgniter.php(502): CodeIgniter\CodeIgniter->runController(Object(App\Controllers\c_Administration))
 6 SYSTEMPATH\CodeIgniter.php(361): CodeIgniter\CodeIgniter->handleRequest(null, Object(Config\Cache), false)
 7 FCPATH\index.php(79): CodeIgniter\CodeIgniter->run()
CRITICAL - 2025-03-02 16:32:37 --> require(pdf/fpdf.php): Failed to open stream: No such file or directory
in APPPATH\Config\Fonction.php on line 24.
 1 APPPATH\Config\Fonction.php(24): CodeIgniter\Debug\Exceptions->errorHandler(2, 'require(pdf/fpdf.php): Failed to open stream: No such file or directory', 'C:\\Users\\ezK2o\\Documents\\GitHub\\NouvelleVague\\app\\Config\\Fonction.php', 24)
 2 APPPATH\Config\Fonction.php(24): require()
 3 APPPATH\Controllers\c_Administration.php(356): Config\Fonction->generatePdf()
 4 SYSTEMPATH\CodeIgniter.php(942): App\Controllers\c_Administration->evenementpopulairePdf()
 5 SYSTEMPATH\CodeIgniter.php(502): CodeIgniter\CodeIgniter->runController(Object(App\Controllers\c_Administration))
 6 SYSTEMPATH\CodeIgniter.php(361): CodeIgniter\CodeIgniter->handleRequest(null, Object(Config\Cache), false)
 7 FCPATH\index.php(79): CodeIgniter\CodeIgniter->run()
CRITICAL - 2025-03-02 16:32:38 --> require(pdf/fpdf.php): Failed to open stream: No such file or directory
in APPPATH\Config\Fonction.php on line 24.
 1 APPPATH\Config\Fonction.php(24): CodeIgniter\Debug\Exceptions->errorHandler(2, 'require(pdf/fpdf.php): Failed to open stream: No such file or directory', 'C:\\Users\\ezK2o\\Documents\\GitHub\\NouvelleVague\\app\\Config\\Fonction.php', 24)
 2 APPPATH\Config\Fonction.php(24): require()
 3 APPPATH\Controllers\c_Administration.php(356): Config\Fonction->generatePdf()
 4 SYSTEMPATH\CodeIgniter.php(942): App\Controllers\c_Administration->evenementpopulairePdf()
 5 SYSTEMPATH\CodeIgniter.php(502): CodeIgniter\CodeIgniter->runController(Object(App\Controllers\c_Administration))
 6 SYSTEMPATH\CodeIgniter.php(361): CodeIgniter\CodeIgniter->handleRequest(null, Object(Config\Cache), false)
 7 FCPATH\index.php(79): CodeIgniter\CodeIgniter->run()
CRITICAL - 2025-03-02 16:32:47 --> require(pdf/fpdf.php): Failed to open stream: No such file or directory
in APPPATH\Config\Fonction.php on line 19.
 1 APPPATH\Config\Fonction.php(19): CodeIgniter\Debug\Exceptions->errorHandler(2, 'require(pdf/fpdf.php): Failed to open stream: No such file or directory', 'C:\\Users\\ezK2o\\Documents\\GitHub\\NouvelleVague\\app\\Config\\Fonction.php', 19)
 2 APPPATH\Config\Fonction.php(19): require()
 3 APPPATH\Controllers\c_Administration.php(356): Config\Fonction->generatePdf()
 4 SYSTEMPATH\CodeIgniter.php(942): App\Controllers\c_Administration->evenementpopulairePdf()
 5 SYSTEMPATH\CodeIgniter.php(502): CodeIgniter\CodeIgniter->runController(Object(App\Controllers\c_Administration))
 6 SYSTEMPATH\CodeIgniter.php(361): CodeIgniter\CodeIgniter->handleRequest(null, Object(Config\Cache), false)
 7 FCPATH\index.php(79): CodeIgniter\CodeIgniter->run()
CRITICAL - 2025-03-02 16:32:48 --> require(pdf/fpdf.php): Failed to open stream: No such file or directory
in APPPATH\Config\Fonction.php on line 19.
 1 APPPATH\Config\Fonction.php(19): CodeIgniter\Debug\Exceptions->errorHandler(2, 'require(pdf/fpdf.php): Failed to open stream: No such file or directory', 'C:\\Users\\ezK2o\\Documents\\GitHub\\NouvelleVague\\app\\Config\\Fonction.php', 19)
 2 APPPATH\Config\Fonction.php(19): require()
 3 APPPATH\Controllers\c_Administration.php(356): Config\Fonction->generatePdf()
 4 SYSTEMPATH\CodeIgniter.php(942): App\Controllers\c_Administration->evenementpopulairePdf()
 5 SYSTEMPATH\CodeIgniter.php(502): CodeIgniter\CodeIgniter->runController(Object(App\Controllers\c_Administration))
 6 SYSTEMPATH\CodeIgniter.php(361): CodeIgniter\CodeIgniter->handleRequest(null, Object(Config\Cache), false)
 7 FCPATH\index.php(79): CodeIgniter\CodeIgniter->run()
CRITICAL - 2025-03-02 16:32:48 --> require(pdf/fpdf.php): Failed to open stream: No such file or directory
in APPPATH\Config\Fonction.php on line 19.
 1 APPPATH\Config\Fonction.php(19): CodeIgniter\Debug\Exceptions->errorHandler(2, 'require(pdf/fpdf.php): Failed to open stream: No such file or directory', 'C:\\Users\\ezK2o\\Documents\\GitHub\\NouvelleVague\\app\\Config\\Fonction.php', 19)
 2 APPPATH\Config\Fonction.php(19): require()
 3 APPPATH\Controllers\c_Administration.php(356): Config\Fonction->generatePdf()
 4 SYSTEMPATH\CodeIgniter.php(942): App\Controllers\c_Administration->evenementpopulairePdf()
 5 SYSTEMPATH\CodeIgniter.php(502): CodeIgniter\CodeIgniter->runController(Object(App\Controllers\c_Administration))
 6 SYSTEMPATH\CodeIgniter.php(361): CodeIgniter\CodeIgniter->handleRequest(null, Object(Config\Cache), false)
 7 FCPATH\index.php(79): CodeIgniter\CodeIgniter->run()
CRITICAL - 2025-03-02 16:32:49 --> require(pdf/fpdf.php): Failed to open stream: No such file or directory
in APPPATH\Config\Fonction.php on line 19.
 1 APPPATH\Config\Fonction.php(19): CodeIgniter\Debug\Exceptions->errorHandler(2, 'require(pdf/fpdf.php): Failed to open stream: No such file or directory', 'C:\\Users\\ezK2o\\Documents\\GitHub\\NouvelleVague\\app\\Config\\Fonction.php', 19)
 2 APPPATH\Config\Fonction.php(19): require()
 3 APPPATH\Controllers\c_Administration.php(356): Config\Fonction->generatePdf()
 4 SYSTEMPATH\CodeIgniter.php(942): App\Controllers\c_Administration->evenementpopulairePdf()
 5 SYSTEMPATH\CodeIgniter.php(502): CodeIgniter\CodeIgniter->runController(Object(App\Controllers\c_Administration))
 6 SYSTEMPATH\CodeIgniter.php(361): CodeIgniter\CodeIgniter->handleRequest(null, Object(Config\Cache), false)
 7 FCPATH\index.php(79): CodeIgniter\CodeIgniter->run()
CRITICAL - 2025-03-02 16:32:49 --> require(pdf/fpdf.php): Failed to open stream: No such file or directory
in APPPATH\Config\Fonction.php on line 19.
 1 APPPATH\Config\Fonction.php(19): CodeIgniter\Debug\Exceptions->errorHandler(2, 'require(pdf/fpdf.php): Failed to open stream: No such file or directory', 'C:\\Users\\ezK2o\\Documents\\GitHub\\NouvelleVague\\app\\Config\\Fonction.php', 19)
 2 APPPATH\Config\Fonction.php(19): require()
 3 APPPATH\Controllers\c_Administration.php(356): Config\Fonction->generatePdf()
 4 SYSTEMPATH\CodeIgniter.php(942): App\Controllers\c_Administration->evenementpopulairePdf()
 5 SYSTEMPATH\CodeIgniter.php(502): CodeIgniter\CodeIgniter->runController(Object(App\Controllers\c_Administration))
 6 SYSTEMPATH\CodeIgniter.php(361): CodeIgniter\CodeIgniter->handleRequest(null, Object(Config\Cache), false)
 7 FCPATH\index.php(79): CodeIgniter\CodeIgniter->run()
CRITICAL - 2025-03-02 16:32:49 --> require(pdf/fpdf.php): Failed to open stream: No such file or directory
in APPPATH\Config\Fonction.php on line 19.
 1 APPPATH\Config\Fonction.php(19): CodeIgniter\Debug\Exceptions->errorHandler(2, 'require(pdf/fpdf.php): Failed to open stream: No such file or directory', 'C:\\Users\\ezK2o\\Documents\\GitHub\\NouvelleVague\\app\\Config\\Fonction.php', 19)
 2 APPPATH\Config\Fonction.php(19): require()
 3 APPPATH\Controllers\c_Administration.php(356): Config\Fonction->generatePdf()
 4 SYSTEMPATH\CodeIgniter.php(942): App\Controllers\c_Administration->evenementpopulairePdf()
 5 SYSTEMPATH\CodeIgniter.php(502): CodeIgniter\CodeIgniter->runController(Object(App\Controllers\c_Administration))
 6 SYSTEMPATH\CodeIgniter.php(361): CodeIgniter\CodeIgniter->handleRequest(null, Object(Config\Cache), false)
 7 FCPATH\index.php(79): CodeIgniter\CodeIgniter->run()
CRITICAL - 2025-03-02 16:32:50 --> require(pdf/fpdf.php): Failed to open stream: No such file or directory
in APPPATH\Config\Fonction.php on line 19.
 1 APPPATH\Config\Fonction.php(19): CodeIgniter\Debug\Exceptions->errorHandler(2, 'require(pdf/fpdf.php): Failed to open stream: No such file or directory', 'C:\\Users\\ezK2o\\Documents\\GitHub\\NouvelleVague\\app\\Config\\Fonction.php', 19)
 2 APPPATH\Config\Fonction.php(19): require()
 3 APPPATH\Controllers\c_Administration.php(356): Config\Fonction->generatePdf()
 4 SYSTEMPATH\CodeIgniter.php(942): App\Controllers\c_Administration->evenementpopulairePdf()
 5 SYSTEMPATH\CodeIgniter.php(502): CodeIgniter\CodeIgniter->runController(Object(App\Controllers\c_Administration))
 6 SYSTEMPATH\CodeIgniter.php(361): CodeIgniter\CodeIgniter->handleRequest(null, Object(Config\Cache), false)
 7 FCPATH\index.php(79): CodeIgniter\CodeIgniter->run()
CRITICAL - 2025-03-02 16:32:50 --> require(pdf/fpdf.php): Failed to open stream: No such file or directory
in APPPATH\Config\Fonction.php on line 19.
 1 APPPATH\Config\Fonction.php(19): CodeIgniter\Debug\Exceptions->errorHandler(2, 'require(pdf/fpdf.php): Failed to open stream: No such file or directory', 'C:\\Users\\ezK2o\\Documents\\GitHub\\NouvelleVague\\app\\Config\\Fonction.php', 19)
 2 APPPATH\Config\Fonction.php(19): require()
 3 APPPATH\Controllers\c_Administration.php(356): Config\Fonction->generatePdf()
 4 SYSTEMPATH\CodeIgniter.php(942): App\Controllers\c_Administration->evenementpopulairePdf()
 5 SYSTEMPATH\CodeIgniter.php(502): CodeIgniter\CodeIgniter->runController(Object(App\Controllers\c_Administration))
 6 SYSTEMPATH\CodeIgniter.php(361): CodeIgniter\CodeIgniter->handleRequest(null, Object(Config\Cache), false)
 7 FCPATH\index.php(79): CodeIgniter\CodeIgniter->run()
CRITICAL - 2025-03-02 16:47:24 --> Class "Config\FPDF" not found
in APPPATH\Config\Fonction.php on line 21.
 1 APPPATH\Controllers\c_Administration.php(356): Config\Fonction->generatePdf()
 2 SYSTEMPATH\CodeIgniter.php(942): App\Controllers\c_Administration->evenementpopulairePdf()
 3 SYSTEMPATH\CodeIgniter.php(502): CodeIgniter\CodeIgniter->runController(Object(App\Controllers\c_Administration))
 4 SYSTEMPATH\CodeIgniter.php(361): CodeIgniter\CodeIgniter->handleRequest(null, Object(Config\Cache), false)
 5 FCPATH\index.php(79): CodeIgniter\CodeIgniter->run()
