CRITICAL - 2024-12-03 20:09:47 --> Undefined variable $data
in APPPATH\Controllers\Moncontroleur.php on line 32.
 1 APPPATH\Controllers\Moncontroleur.php(32): CodeIgniter\Debug\Exceptions->errorHandler(2, 'Undefined variable $data', 'C:\\wamp64\\www\\nice\\codeigniter4.4.3\\app\\Controllers\\Moncontroleur.php', 32)
 2 SYSTEMPATH\CodeIgniter.php(942): App\Controllers\Moncontroleur->ajouterContacts()
 3 SYSTEMPATH\CodeIgniter.php(502): CodeIgniter\CodeIgniter->runController(Object(App\Controllers\Moncontroleur))
 4 SYSTEMPATH\CodeIgniter.php(361): CodeIgniter\CodeIgniter->handleRequest(null, Object(Config\Cache), false)
 5 FCPATH\index.php(79): CodeIgniter\CodeIgniter->run()
CRITICAL - 2024-12-03 20:28:54 --> Undefined variable $request
in APPPATH\Controllers\Moncontroleur.php on line 29.
 1 APPPATH\Controllers\Moncontroleur.php(29): CodeIgniter\Debug\Exceptions->errorHandler(2, 'Undefined variable $request', 'C:\\wamp64\\www\\nice\\codeigniter4.4.3\\app\\Controllers\\Moncontroleur.php', 29)
 2 SYSTEMPATH\CodeIgniter.php(942): App\Controllers\Moncontroleur->ajouterContacts()
 3 SYSTEMPATH\CodeIgniter.php(502): CodeIgniter\CodeIgniter->runController(Object(App\Controllers\Moncontroleur))
 4 SYSTEMPATH\CodeIgniter.php(361): CodeIgniter\CodeIgniter->handleRequest(null, Object(Config\Cache), false)
 5 FCPATH\index.php(79): CodeIgniter\CodeIgniter->run()
CRITICAL - 2024-12-03 20:32:35 --> Array to string conversion
in APPPATH\Controllers\Moncontroleur.php on line 31.
 1 APPPATH\Controllers\Moncontroleur.php(31): CodeIgniter\Debug\Exceptions->errorHandler(2, 'Array to string conversion', 'C:\\wamp64\\www\\nice\\codeigniter4.4.3\\app\\Controllers\\Moncontroleur.php', 31)
 2 SYSTEMPATH\CodeIgniter.php(942): App\Controllers\Moncontroleur->ajouterContacts()
 3 SYSTEMPATH\CodeIgniter.php(502): CodeIgniter\CodeIgniter->runController(Object(App\Controllers\Moncontroleur))
 4 SYSTEMPATH\CodeIgniter.php(361): CodeIgniter\CodeIgniter->handleRequest(null, Object(Config\Cache), false)
 5 FCPATH\index.php(79): CodeIgniter\CodeIgniter->run()
CRITICAL - 2024-12-03 20:33:23 --> Undefined array key 0
in APPPATH\Controllers\Moncontroleur.php on line 31.
 1 APPPATH\Controllers\Moncontroleur.php(31): CodeIgniter\Debug\Exceptions->errorHandler(2, 'Undefined array key 0', 'C:\\wamp64\\www\\nice\\codeigniter4.4.3\\app\\Controllers\\Moncontroleur.php', 31)
 2 SYSTEMPATH\CodeIgniter.php(942): App\Controllers\Moncontroleur->ajouterContacts()
 3 SYSTEMPATH\CodeIgniter.php(502): CodeIgniter\CodeIgniter->runController(Object(App\Controllers\Moncontroleur))
 4 SYSTEMPATH\CodeIgniter.php(361): CodeIgniter\CodeIgniter->handleRequest(null, Object(Config\Cache), false)
 5 FCPATH\index.php(79): CodeIgniter\CodeIgniter->run()
CRITICAL - 2024-12-03 20:33:28 --> Undefined array key 1
in APPPATH\Controllers\Moncontroleur.php on line 31.
 1 APPPATH\Controllers\Moncontroleur.php(31): CodeIgniter\Debug\Exceptions->errorHandler(2, 'Undefined array key 1', 'C:\\wamp64\\www\\nice\\codeigniter4.4.3\\app\\Controllers\\Moncontroleur.php', 31)
 2 SYSTEMPATH\CodeIgniter.php(942): App\Controllers\Moncontroleur->ajouterContacts()
 3 SYSTEMPATH\CodeIgniter.php(502): CodeIgniter\CodeIgniter->runController(Object(App\Controllers\Moncontroleur))
 4 SYSTEMPATH\CodeIgniter.php(361): CodeIgniter\CodeIgniter->handleRequest(null, Object(Config\Cache), false)
 5 FCPATH\index.php(79): CodeIgniter\CodeIgniter->run()
CRITICAL - 2024-12-03 20:51:16 --> Undefined variable $stmt
in APPPATH\Models\Monmodele.php on line 27.
 1 APPPATH\Models\Monmodele.php(27): CodeIgniter\Debug\Exceptions->errorHandler(2, 'Undefined variable $stmt', 'C:\\wamp64\\www\\nice\\codeigniter4.4.3\\app\\Models\\Monmodele.php', 27)
 2 APPPATH\Controllers\Moncontroleur.php(32): App\Models\Monmodele->ajouterunContact('jeanmidu12', 'jeanmidu13@gmail.com', 'Azeryty12321425')
 3 SYSTEMPATH\CodeIgniter.php(942): App\Controllers\Moncontroleur->ajouterContacts()
 4 SYSTEMPATH\CodeIgniter.php(502): CodeIgniter\CodeIgniter->runController(Object(App\Controllers\Moncontroleur))
 5 SYSTEMPATH\CodeIgniter.php(361): CodeIgniter\CodeIgniter->handleRequest(null, Object(Config\Cache), false)
 6 FCPATH\index.php(79): CodeIgniter\CodeIgniter->run()
CRITICAL - 2024-12-03 20:52:40 --> Undefined variable $query
in APPPATH\Models\Monmodele.php on line 27.
 1 APPPATH\Models\Monmodele.php(27): CodeIgniter\Debug\Exceptions->errorHandler(2, 'Undefined variable $query', 'C:\\wamp64\\www\\nice\\codeigniter4.4.3\\app\\Models\\Monmodele.php', 27)
 2 APPPATH\Controllers\Moncontroleur.php(32): App\Models\Monmodele->ajouterunContact('jeanmidu12', 'jeanmidu13@gmail.com', 'Azeryty12321425')
 3 SYSTEMPATH\CodeIgniter.php(942): App\Controllers\Moncontroleur->ajouterContacts()
 4 SYSTEMPATH\CodeIgniter.php(502): CodeIgniter\CodeIgniter->runController(Object(App\Controllers\Moncontroleur))
 5 SYSTEMPATH\CodeIgniter.php(361): CodeIgniter\CodeIgniter->handleRequest(null, Object(Config\Cache), false)
 6 FCPATH\index.php(79): CodeIgniter\CodeIgniter->run()
CRITICAL - 2024-12-03 20:53:37 --> Undefined variable $query
in APPPATH\Models\Monmodele.php on line 27.
 1 APPPATH\Models\Monmodele.php(27): CodeIgniter\Debug\Exceptions->errorHandler(2, 'Undefined variable $query', 'C:\\wamp64\\www\\nice\\codeigniter4.4.3\\app\\Models\\Monmodele.php', 27)
 2 APPPATH\Controllers\Moncontroleur.php(32): App\Models\Monmodele->ajouterunContact('sqfqsfqsfqs', 'fqsfsq@gmail.com', 'fsqfqsfqsfqsf')
 3 SYSTEMPATH\CodeIgniter.php(942): App\Controllers\Moncontroleur->ajouterContacts()
 4 SYSTEMPATH\CodeIgniter.php(502): CodeIgniter\CodeIgniter->runController(Object(App\Controllers\Moncontroleur))
 5 SYSTEMPATH\CodeIgniter.php(361): CodeIgniter\CodeIgniter->handleRequest(null, Object(Config\Cache), false)
 6 FCPATH\index.php(79): CodeIgniter\CodeIgniter->run()
CRITICAL - 2024-12-03 20:54:35 --> Undefined variable $query
in APPPATH\Models\Monmodele.php on line 27.
 1 APPPATH\Models\Monmodele.php(27): CodeIgniter\Debug\Exceptions->errorHandler(2, 'Undefined variable $query', 'C:\\wamp64\\www\\nice\\codeigniter4.4.3\\app\\Models\\Monmodele.php', 27)
 2 APPPATH\Controllers\Moncontroleur.php(32): App\Models\Monmodele->ajouterunContact('dqsdqsdqsd', 'dsqdqdsq@gmail.com', 'fdqsfqsfqsfqs')
 3 SYSTEMPATH\CodeIgniter.php(942): App\Controllers\Moncontroleur->ajouterContacts()
 4 SYSTEMPATH\CodeIgniter.php(502): CodeIgniter\CodeIgniter->runController(Object(App\Controllers\Moncontroleur))
 5 SYSTEMPATH\CodeIgniter.php(361): CodeIgniter\CodeIgniter->handleRequest(null, Object(Config\Cache), false)
 6 FCPATH\index.php(79): CodeIgniter\CodeIgniter->run()
CRITICAL - 2024-12-03 20:55:06 --> CodeIgniter\Database\BaseConnection::prepare(): Argument #1 ($func) must be of type Closure, string given, called in C:\wamp64\www\nice\codeigniter4.4.3\app\Models\Monmodele.php on line 30
in SYSTEMPATH\Database\BaseConnection.php on line 921.
 1 APPPATH\Models\Monmodele.php(30): CodeIgniter\Database\BaseConnection->prepare('INSERT INTO user (login_user, email, password) VALUES (:user, :email, :password)')
 2 APPPATH\Controllers\Moncontroleur.php(32): App\Models\Monmodele->ajouterunContact('sfqsfqsfsqfsq', 'fqsfqsfqsfqsf@gmail.com', 'fqsfqsfqsfqs')
 3 SYSTEMPATH\CodeIgniter.php(942): App\Controllers\Moncontroleur->ajouterContacts()
 4 SYSTEMPATH\CodeIgniter.php(502): CodeIgniter\CodeIgniter->runController(Object(App\Controllers\Moncontroleur))
 5 SYSTEMPATH\CodeIgniter.php(361): CodeIgniter\CodeIgniter->handleRequest(null, Object(Config\Cache), false)
 6 FCPATH\index.php(79): CodeIgniter\CodeIgniter->run()
CRITICAL - 2024-12-03 20:56:04 --> CodeIgniter\Database\BaseConnection::prepare(): Argument #1 ($func) must be of type Closure, string given, called in C:\wamp64\www\nice\codeigniter4.4.3\app\Models\Monmodele.php on line 28
in SYSTEMPATH\Database\BaseConnection.php on line 921.
 1 APPPATH\Models\Monmodele.php(28): CodeIgniter\Database\BaseConnection->prepare('INSERT INTO user (login_user, email, password) VALUES (:user, :email, :password)')
 2 APPPATH\Controllers\Moncontroleur.php(32): App\Models\Monmodele->ajouterunContact('dsqdqsdsq', 'dsqdqsdqs@gmail.com', 'fdsqfqsfqsf')
 3 SYSTEMPATH\CodeIgniter.php(942): App\Controllers\Moncontroleur->ajouterContacts()
 4 SYSTEMPATH\CodeIgniter.php(502): CodeIgniter\CodeIgniter->runController(Object(App\Controllers\Moncontroleur))
 5 SYSTEMPATH\CodeIgniter.php(361): CodeIgniter\CodeIgniter->handleRequest(null, Object(Config\Cache), false)
 6 FCPATH\index.php(79): CodeIgniter\CodeIgniter->run()
CRITICAL - 2024-12-03 20:58:32 --> CodeIgniter\Database\BaseConnection::prepare(): Argument #1 ($func) must be of type Closure, string given, called in C:\wamp64\www\nice\codeigniter4.4.3\app\Models\Monmodele.php on line 28
in SYSTEMPATH\Database\BaseConnection.php on line 921.
 1 APPPATH\Models\Monmodele.php(28): CodeIgniter\Database\BaseConnection->prepare('INSERT INTO user (login_user, email, password) VALUES (:user, :email, :password)')
 2 APPPATH\Controllers\Moncontroleur.php(38): App\Models\Monmodele->ajouterunContact('dqsfqsfsq', 'fqsfqsfsq@gmaill.com', 'fsqfqsfsqfsqfqsfsq')
 3 SYSTEMPATH\CodeIgniter.php(942): App\Controllers\Moncontroleur->ajouterContacts()
 4 SYSTEMPATH\CodeIgniter.php(502): CodeIgniter\CodeIgniter->runController(Object(App\Controllers\Moncontroleur))
 5 SYSTEMPATH\CodeIgniter.php(361): CodeIgniter\CodeIgniter->handleRequest(null, Object(Config\Cache), false)
 6 FCPATH\index.php(79): CodeIgniter\CodeIgniter->run()
CRITICAL - 2024-12-03 21:00:11 --> CodeIgniter\Database\BaseConnection::prepare(): Argument #1 ($func) must be of type Closure, string given, called in C:\wamp64\www\nice\codeigniter4.4.3\app\Models\Monmodele.php on line 28
in SYSTEMPATH\Database\BaseConnection.php on line 921.
 1 APPPATH\Models\Monmodele.php(28): CodeIgniter\Database\BaseConnection->prepare('INSERT INTO user (login_user, email, mdp) VALUES (:user, :email, :mdp)')
 2 APPPATH\Controllers\Moncontroleur.php(38): App\Models\Monmodele->ajouterunContact('dqsdqsdqsd', 'dqsdsqdqs@gmail.com', 'fqsfsqfqsfsqfsqfsq')
 3 SYSTEMPATH\CodeIgniter.php(942): App\Controllers\Moncontroleur->ajouterContacts()
 4 SYSTEMPATH\CodeIgniter.php(502): CodeIgniter\CodeIgniter->runController(Object(App\Controllers\Moncontroleur))
 5 SYSTEMPATH\CodeIgniter.php(361): CodeIgniter\CodeIgniter->handleRequest(null, Object(Config\Cache), false)
 6 FCPATH\index.php(79): CodeIgniter\CodeIgniter->run()
CRITICAL - 2024-12-03 21:06:20 --> Undefined variable $builder
in APPPATH\Models\Monmodele.php on line 33.
 1 APPPATH\Models\Monmodele.php(33): CodeIgniter\Debug\Exceptions->errorHandler(2, 'Undefined variable $builder', 'C:\\wamp64\\www\\nice\\codeigniter4.4.3\\app\\Models\\Monmodele.php', 33)
 2 APPPATH\Controllers\Moncontroleur.php(38): App\Models\Monmodele->ajouterunContact('fqsfqsfqsfqsfqs', 'fsqfqsfqsfqs@gmail.com', 'fqsfqsfqsfsq')
 3 SYSTEMPATH\CodeIgniter.php(942): App\Controllers\Moncontroleur->ajouterContacts()
 4 SYSTEMPATH\CodeIgniter.php(502): CodeIgniter\CodeIgniter->runController(Object(App\Controllers\Moncontroleur))
 5 SYSTEMPATH\CodeIgniter.php(361): CodeIgniter\CodeIgniter->handleRequest(null, Object(Config\Cache), false)
 6 FCPATH\index.php(79): CodeIgniter\CodeIgniter->run()
ERROR - 2024-12-03 21:15:49 --> mysqli_sql_exception: Duplicata du champ '0' pour la clef 'user.PRIMARY' in C:\wamp64\www\nice\codeigniter4.4.3\system\Database\MySQLi\Connection.php:306
Stack trace:
#0 C:\wamp64\www\nice\codeigniter4.4.3\system\Database\MySQLi\Connection.php(306): mysqli->query('INSERT INTO `us...', 0)
#1 C:\wamp64\www\nice\codeigniter4.4.3\system\Database\BaseConnection.php(693): CodeIgniter\Database\MySQLi\Connection->execute('INSERT INTO `us...')
#2 C:\wamp64\www\nice\codeigniter4.4.3\system\Database\BaseConnection.php(607): CodeIgniter\Database\BaseConnection->simpleQuery('INSERT INTO `us...')
#3 C:\wamp64\www\nice\codeigniter4.4.3\system\Database\BaseBuilder.php(2308): CodeIgniter\Database\BaseConnection->query('INSERT INTO `us...', Array, false)
#4 C:\wamp64\www\nice\codeigniter4.4.3\app\Models\Monmodele.php(35): CodeIgniter\Database\BaseBuilder->insert(Array)
#5 C:\wamp64\www\nice\codeigniter4.4.3\app\Controllers\Moncontroleur.php(38): App\Models\Monmodele->ajouterunContact('Merguez', 'Merguezgriller@...', 'fnsqijfnqsijfnq...')
#6 C:\wamp64\www\nice\codeigniter4.4.3\system\CodeIgniter.php(942): App\Controllers\Moncontroleur->ajouterContacts()
#7 C:\wamp64\www\nice\codeigniter4.4.3\system\CodeIgniter.php(502): CodeIgniter\CodeIgniter->runController(Object(App\Controllers\Moncontroleur))
#8 C:\wamp64\www\nice\codeigniter4.4.3\system\CodeIgniter.php(361): CodeIgniter\CodeIgniter->handleRequest(NULL, Object(Config\Cache), false)
#9 C:\wamp64\www\nice\codeigniter4.4.3\public\index.php(79): CodeIgniter\CodeIgniter->run()
#10 {main}
CRITICAL - 2024-12-03 21:15:49 --> Duplicata du champ '0' pour la clef 'user.PRIMARY'
in SYSTEMPATH\Database\BaseConnection.php on line 647.
 1 SYSTEMPATH\Database\BaseBuilder.php(2308): CodeIgniter\Database\BaseConnection->query('INSERT INTO `user` (`login_user`, `email`, `mdp`) VALUES (:login_user:, :email:, :mdp:)', [...], false)
 2 APPPATH\Models\Monmodele.php(35): CodeIgniter\Database\BaseBuilder->insert([...])
 3 APPPATH\Controllers\Moncontroleur.php(38): App\Models\Monmodele->ajouterunContact('Merguez', 'Merguezgriller@gmail.com', 'fnsqijfnqsijfnqs')
 4 SYSTEMPATH\CodeIgniter.php(942): App\Controllers\Moncontroleur->ajouterContacts()
 5 SYSTEMPATH\CodeIgniter.php(502): CodeIgniter\CodeIgniter->runController(Object(App\Controllers\Moncontroleur))
 6 SYSTEMPATH\CodeIgniter.php(361): CodeIgniter\CodeIgniter->handleRequest(null, Object(Config\Cache), false)
 7 FCPATH\index.php(79): CodeIgniter\CodeIgniter->run()
