CRITICAL - 2025-03-04 20:22:04 --> Config\App::$baseURL is invalid.
in SYSTEMPATH\HTTP\SiteURI.php on line 199.
 1 SYSTEMPATH\HTTP\SiteURI.php(145): CodeIgniter\HTTP\SiteURI->normalizeBaseURL(Object(Config\App))
 2 SYSTEMPATH\HTTP\SiteURI.php(100): CodeIgniter\HTTP\SiteURI->determineBaseURL(Object(Config\App), null, null)
 3 SYSTEMPATH\HTTP\SiteURIFactory.php(224): CodeIgniter\HTTP\SiteURI->__construct(Object(Config\App), '/', null)
 4 SYSTEMPATH\HTTP\SiteURIFactory.php(45): CodeIgniter\HTTP\SiteURIFactory->createURIFromRoutePath('/')
 5 SYSTEMPATH\Config\Services.php(799): CodeIgniter\HTTP\SiteURIFactory->createFromGlobals()
 6 SYSTEMPATH\Config\BaseService.php(258): CodeIgniter\Config\Services::uri(null, false)
 7 SYSTEMPATH\Config\BaseService.php(199): CodeIgniter\Config\BaseService::__callStatic('uri', [...])
 8 SYSTEMPATH\Config\Services.php(792): CodeIgniter\Config\BaseService::getSharedInstance('uri', null)
 9 SYSTEMPATH\Config\BaseService.php(258): CodeIgniter\Config\Services::uri()
10 SYSTEMPATH\Config\Services.php(566): CodeIgniter\Config\BaseService::__callStatic('uri', [])
11 SYSTEMPATH\Config\BaseService.php(258): CodeIgniter\Config\Services::incomingrequest(Object(Config\App), false)
12 SYSTEMPATH\Config\Services.php(524): CodeIgniter\Config\BaseService::__callStatic('incomingrequest', [...])
13 SYSTEMPATH\Config\BaseService.php(258): CodeIgniter\Config\Services::request(Object(Config\App), false)
14 SYSTEMPATH\Config\BaseService.php(199): CodeIgniter\Config\BaseService::__callStatic('request', [...])
15 SYSTEMPATH\Config\Services.php(559): CodeIgniter\Config\BaseService::getSharedInstance('request', Object(Config\App))
16 SYSTEMPATH\Config\BaseService.php(258): CodeIgniter\Config\Services::incomingrequest(Object(Config\App))
17 SYSTEMPATH\Config\Services.php(539): CodeIgniter\Config\BaseService::__callStatic('incomingrequest', [...])
18 SYSTEMPATH\Config\BaseService.php(258): CodeIgniter\Config\Services::createRequest(Object(Config\App))
19 SYSTEMPATH\CodeIgniter.php(655): CodeIgniter\Config\BaseService::__callStatic('createRequest', [...])
20 SYSTEMPATH\CodeIgniter.php(355): CodeIgniter\CodeIgniter->getRequestObject()
21 FCPATH\index.php(79): CodeIgniter\CodeIgniter->run()
CRITICAL - 2025-03-04 20:22:04 --> Uncaught CodeIgniter\Exceptions\ConfigException: Config\App::$baseURL is invalid. in C:\Users\issaw\OneDrive\Documents\GitHub\NouvelleVague\system\HTTP\SiteURI.php:199
Stack trace:
#0 C:\Users\issaw\OneDrive\Documents\GitHub\NouvelleVague\system\HTTP\SiteURI.php(145): CodeIgniter\HTTP\SiteURI->normalizeBaseURL(Object(Config\App))
#1 C:\Users\issaw\OneDrive\Documents\GitHub\NouvelleVague\system\HTTP\SiteURI.php(100): CodeIgniter\HTTP\SiteURI->determineBaseURL(Object(Config\App), NULL, NULL)
#2 C:\Users\issaw\OneDrive\Documents\GitHub\NouvelleVague\system\HTTP\SiteURIFactory.php(224): CodeIgniter\HTTP\SiteURI->__construct(Object(Config\App), '/', NULL)
#3 C:\Users\issaw\OneDrive\Documents\GitHub\NouvelleVague\system\HTTP\SiteURIFactory.php(45): CodeIgniter\HTTP\SiteURIFactory->createURIFromRoutePath('/')
#4 C:\Users\issaw\OneDrive\Documents\GitHub\NouvelleVague\system\Config\Services.php(799): CodeIgniter\HTTP\SiteURIFactory->createFromGlobals()
#5 C:\Users\issaw\OneDrive\Documents\GitHub\NouvelleVague\system\Config\BaseService.php(258): CodeIgniter\Config\Services::uri(NULL, false)
#6 C:\Users\issaw\OneDrive\Documents\GitHub\NouvelleVague\system\Config\BaseService.php(199): CodeIgniter\Config\BaseService::__callStatic('uri', Array)
#7 C:\Users\issaw\OneDrive\Documents\GitHub\NouvelleVague\system\Config\Services.php(792): CodeIgniter\Config\BaseService::getSharedInstance('uri', NULL)
#8 C:\Users\issaw\OneDrive\Documents\GitHub\NouvelleVague\system\Config\BaseService.php(258): CodeIgniter\Config\Services::uri()
#9 C:\Users\issaw\OneDrive\Documents\GitHub\NouvelleVague\system\Config\Services.php(566): CodeIgniter\Config\BaseService::__callStatic('uri', Array)
#10 C:\Users\issaw\OneDrive\Documents\GitHub\NouvelleVague\system\Config\BaseService.php(258): CodeIgniter\Config\Services::incomingrequest(Object(Config\App), false)
#11 C:\Users\issaw\OneDrive\Documents\GitHub\NouvelleVague\system\Config\Services.php(524): CodeIgniter\Config\BaseService::__callStatic('incomingrequest', Array)
#12 C:\Users\issaw\OneDrive\Documents\GitHub\NouvelleVague\system\Config\BaseService.php(258): CodeIgniter\Config\Services::request(NULL, false)
#13 C:\Users\issaw\OneDrive\Documents\GitHub\NouvelleVague\system\Config\BaseService.php(199): CodeIgniter\Config\BaseService::__callStatic('request', Array)
#14 C:\Users\issaw\OneDrive\Documents\GitHub\NouvelleVague\system\Config\Services.php(520): CodeIgniter\Config\BaseService::getSharedInstance('request', NULL)
#15 C:\Users\issaw\OneDrive\Documents\GitHub\NouvelleVague\system\Config\BaseService.php(258): CodeIgniter\Config\Services::request()
#16 C:\Users\issaw\OneDrive\Documents\GitHub\NouvelleVague\system\Debug\Exceptions.php(137): CodeIgniter\Config\BaseService::__callStatic('request', Array)
#17 [internal function]: CodeIgniter\Debug\Exceptions->exceptionHandler(Object(CodeIgniter\Exceptions\ConfigException))
#18 {main}
  thrown
ã€Previous Exceptionã€‘
CodeIgniter\Exceptions\ConfigException
Config\App::$baseURL is invalid.
#0 C:\Users\issaw\OneDrive\Documents\GitHub\NouvelleVague\system\HTTP\SiteURI.php(145): CodeIgniter\HTTP\SiteURI->normalizeBaseURL(Object(Config\App))
#1 C:\Users\issaw\OneDrive\Documents\GitHub\NouvelleVague\system\HTTP\SiteURI.php(100): CodeIgniter\HTTP\SiteURI->determineBaseURL(Object(Config\App), NULL, NULL)
#2 C:\Users\issaw\OneDrive\Documents\GitHub\NouvelleVague\system\HTTP\SiteURIFactory.php(224): CodeIgniter\HTTP\SiteURI->__construct(Object(Config\App), '/', NULL)
#3 C:\Users\issaw\OneDrive\Documents\GitHub\NouvelleVague\system\HTTP\SiteURIFactory.php(45): CodeIgniter\HTTP\SiteURIFactory->createURIFromRoutePath('/')
#4 C:\Users\issaw\OneDrive\Documents\GitHub\NouvelleVague\system\Config\Services.php(799): CodeIgniter\HTTP\SiteURIFactory->createFromGlobals()
#5 C:\Users\issaw\OneDrive\Documents\GitHub\NouvelleVague\system\Config\BaseService.php(258): CodeIgniter\Config\Services::uri(NULL, false)
#6 C:\Users\issaw\OneDrive\Documents\GitHub\NouvelleVague\system\Config\BaseService.php(199): CodeIgniter\Config\BaseService::__callStatic('uri', Array)
#7 C:\Users\issaw\OneDrive\Documents\GitHub\NouvelleVague\system\Config\Services.php(792): CodeIgniter\Config\BaseService::getSharedInstance('uri', NULL)
#8 C:\Users\issaw\OneDrive\Documents\GitHub\NouvelleVague\system\Config\BaseService.php(258): CodeIgniter\Config\Services::uri()
#9 C:\Users\issaw\OneDrive\Documents\GitHub\NouvelleVague\system\Config\Services.php(566): CodeIgniter\Config\BaseService::__callStatic('uri', Array)
#10 C:\Users\issaw\OneDrive\Documents\GitHub\NouvelleVague\system\Config\BaseService.php(258): CodeIgniter\Config\Services::incomingrequest(Object(Config\App), false)
#11 C:\Users\issaw\OneDrive\Documents\GitHub\NouvelleVague\system\Config\Services.php(524): CodeIgniter\Config\BaseService::__callStatic('incomingrequest', Array)
#12 C:\Users\issaw\OneDrive\Documents\GitHub\NouvelleVague\system\Config\BaseService.php(258): CodeIgniter\Config\Services::request(Object(Config\App), false)
#13 C:\Users\issaw\OneDrive\Documents\GitHub\NouvelleVague\system\Config\BaseService.php(199): CodeIgniter\Config\BaseService::__callStatic('request', Array)
#14 C:\Users\issaw\OneDrive\Documents\GitHub\NouvelleVague\system\Config\Services.php(559): CodeIgniter\Config\BaseService::getSharedInstance('request', Object(Config\App))
#15 C:\Users\issaw\OneDrive\Documents\GitHub\NouvelleVague\system\Config\BaseService.php(258): CodeIgniter\Config\Services::incomingrequest(Object(Config\App))
#16 C:\Users\issaw\OneDrive\Documents\GitHub\NouvelleVague\system\Config\Services.php(539): CodeIgniter\Config\BaseService::__callStatic('incomingrequest', Array)
#17 C:\Users\issaw\OneDrive\Documents\GitHub\NouvelleVague\system\Config\BaseService.php(258): CodeIgniter\Config\Services::createRequest(Object(Config\App))
#18 C:\Users\issaw\OneDrive\Documents\GitHub\NouvelleVague\system\CodeIgniter.php(655): CodeIgniter\Config\BaseService::__callStatic('createRequest', Array)
#19 C:\Users\issaw\OneDrive\Documents\GitHub\NouvelleVague\system\CodeIgniter.php(355): CodeIgniter\CodeIgniter->getRequestObject()
#20 C:\Users\issaw\OneDrive\Documents\GitHub\NouvelleVague\public\index.php(79): CodeIgniter\CodeIgniter->run()
#21 {main}
in SYSTEMPATH\HTTP\SiteURI.php on line 199.
 1 [internal function]: CodeIgniter\Debug\Exceptions->shutdownHandler()
CRITICAL - 2025-03-04 20:22:29 --> Config\App::$baseURL is invalid.
in SYSTEMPATH\HTTP\SiteURI.php on line 199.
 1 SYSTEMPATH\HTTP\SiteURI.php(145): CodeIgniter\HTTP\SiteURI->normalizeBaseURL(Object(Config\App))
 2 SYSTEMPATH\HTTP\SiteURI.php(100): CodeIgniter\HTTP\SiteURI->determineBaseURL(Object(Config\App), null, null)
 3 SYSTEMPATH\HTTP\SiteURIFactory.php(224): CodeIgniter\HTTP\SiteURI->__construct(Object(Config\App), '/', null)
 4 SYSTEMPATH\HTTP\SiteURIFactory.php(45): CodeIgniter\HTTP\SiteURIFactory->createURIFromRoutePath('/')
 5 SYSTEMPATH\Config\Services.php(799): CodeIgniter\HTTP\SiteURIFactory->createFromGlobals()
 6 SYSTEMPATH\Config\BaseService.php(258): CodeIgniter\Config\Services::uri(null, false)
 7 SYSTEMPATH\Config\BaseService.php(199): CodeIgniter\Config\BaseService::__callStatic('uri', [...])
 8 SYSTEMPATH\Config\Services.php(792): CodeIgniter\Config\BaseService::getSharedInstance('uri', null)
 9 SYSTEMPATH\Config\BaseService.php(258): CodeIgniter\Config\Services::uri()
10 SYSTEMPATH\Config\Services.php(566): CodeIgniter\Config\BaseService::__callStatic('uri', [])
11 SYSTEMPATH\Config\BaseService.php(258): CodeIgniter\Config\Services::incomingrequest(Object(Config\App), false)
12 SYSTEMPATH\Config\Services.php(524): CodeIgniter\Config\BaseService::__callStatic('incomingrequest', [...])
13 SYSTEMPATH\Config\BaseService.php(258): CodeIgniter\Config\Services::request(Object(Config\App), false)
14 SYSTEMPATH\Config\BaseService.php(199): CodeIgniter\Config\BaseService::__callStatic('request', [...])
15 SYSTEMPATH\Config\Services.php(559): CodeIgniter\Config\BaseService::getSharedInstance('request', Object(Config\App))
16 SYSTEMPATH\Config\BaseService.php(258): CodeIgniter\Config\Services::incomingrequest(Object(Config\App))
17 SYSTEMPATH\Config\Services.php(539): CodeIgniter\Config\BaseService::__callStatic('incomingrequest', [...])
18 SYSTEMPATH\Config\BaseService.php(258): CodeIgniter\Config\Services::createRequest(Object(Config\App))
19 SYSTEMPATH\CodeIgniter.php(655): CodeIgniter\Config\BaseService::__callStatic('createRequest', [...])
20 SYSTEMPATH\CodeIgniter.php(355): CodeIgniter\CodeIgniter->getRequestObject()
21 FCPATH\index.php(79): CodeIgniter\CodeIgniter->run()
CRITICAL - 2025-03-04 20:22:29 --> Uncaught CodeIgniter\Exceptions\ConfigException: Config\App::$baseURL is invalid. in C:\Users\issaw\OneDrive\Documents\GitHub\NouvelleVague\system\HTTP\SiteURI.php:199
Stack trace:
#0 C:\Users\issaw\OneDrive\Documents\GitHub\NouvelleVague\system\HTTP\SiteURI.php(145): CodeIgniter\HTTP\SiteURI->normalizeBaseURL(Object(Config\App))
#1 C:\Users\issaw\OneDrive\Documents\GitHub\NouvelleVague\system\HTTP\SiteURI.php(100): CodeIgniter\HTTP\SiteURI->determineBaseURL(Object(Config\App), NULL, NULL)
#2 C:\Users\issaw\OneDrive\Documents\GitHub\NouvelleVague\system\HTTP\SiteURIFactory.php(224): CodeIgniter\HTTP\SiteURI->__construct(Object(Config\App), '/', NULL)
#3 C:\Users\issaw\OneDrive\Documents\GitHub\NouvelleVague\system\HTTP\SiteURIFactory.php(45): CodeIgniter\HTTP\SiteURIFactory->createURIFromRoutePath('/')
#4 C:\Users\issaw\OneDrive\Documents\GitHub\NouvelleVague\system\Config\Services.php(799): CodeIgniter\HTTP\SiteURIFactory->createFromGlobals()
#5 C:\Users\issaw\OneDrive\Documents\GitHub\NouvelleVague\system\Config\BaseService.php(258): CodeIgniter\Config\Services::uri(NULL, false)
#6 C:\Users\issaw\OneDrive\Documents\GitHub\NouvelleVague\system\Config\BaseService.php(199): CodeIgniter\Config\BaseService::__callStatic('uri', Array)
#7 C:\Users\issaw\OneDrive\Documents\GitHub\NouvelleVague\system\Config\Services.php(792): CodeIgniter\Config\BaseService::getSharedInstance('uri', NULL)
#8 C:\Users\issaw\OneDrive\Documents\GitHub\NouvelleVague\system\Config\BaseService.php(258): CodeIgniter\Config\Services::uri()
#9 C:\Users\issaw\OneDrive\Documents\GitHub\NouvelleVague\system\Config\Services.php(566): CodeIgniter\Config\BaseService::__callStatic('uri', Array)
#10 C:\Users\issaw\OneDrive\Documents\GitHub\NouvelleVague\system\Config\BaseService.php(258): CodeIgniter\Config\Services::incomingrequest(Object(Config\App), false)
#11 C:\Users\issaw\OneDrive\Documents\GitHub\NouvelleVague\system\Config\Services.php(524): CodeIgniter\Config\BaseService::__callStatic('incomingrequest', Array)
#12 C:\Users\issaw\OneDrive\Documents\GitHub\NouvelleVague\system\Config\BaseService.php(258): CodeIgniter\Config\Services::request(NULL, false)
#13 C:\Users\issaw\OneDrive\Documents\GitHub\NouvelleVague\system\Config\BaseService.php(199): CodeIgniter\Config\BaseService::__callStatic('request', Array)
#14 C:\Users\issaw\OneDrive\Documents\GitHub\NouvelleVague\system\Config\Services.php(520): CodeIgniter\Config\BaseService::getSharedInstance('request', NULL)
#15 C:\Users\issaw\OneDrive\Documents\GitHub\NouvelleVague\system\Config\BaseService.php(258): CodeIgniter\Config\Services::request()
#16 C:\Users\issaw\OneDrive\Documents\GitHub\NouvelleVague\system\Debug\Exceptions.php(137): CodeIgniter\Config\BaseService::__callStatic('request', Array)
#17 [internal function]: CodeIgniter\Debug\Exceptions->exceptionHandler(Object(CodeIgniter\Exceptions\ConfigException))
#18 {main}
  thrown
ã€Previous Exceptionã€‘
CodeIgniter\Exceptions\ConfigException
Config\App::$baseURL is invalid.
#0 C:\Users\issaw\OneDrive\Documents\GitHub\NouvelleVague\system\HTTP\SiteURI.php(145): CodeIgniter\HTTP\SiteURI->normalizeBaseURL(Object(Config\App))
#1 C:\Users\issaw\OneDrive\Documents\GitHub\NouvelleVague\system\HTTP\SiteURI.php(100): CodeIgniter\HTTP\SiteURI->determineBaseURL(Object(Config\App), NULL, NULL)
#2 C:\Users\issaw\OneDrive\Documents\GitHub\NouvelleVague\system\HTTP\SiteURIFactory.php(224): CodeIgniter\HTTP\SiteURI->__construct(Object(Config\App), '/', NULL)
#3 C:\Users\issaw\OneDrive\Documents\GitHub\NouvelleVague\system\HTTP\SiteURIFactory.php(45): CodeIgniter\HTTP\SiteURIFactory->createURIFromRoutePath('/')
#4 C:\Users\issaw\OneDrive\Documents\GitHub\NouvelleVague\system\Config\Services.php(799): CodeIgniter\HTTP\SiteURIFactory->createFromGlobals()
#5 C:\Users\issaw\OneDrive\Documents\GitHub\NouvelleVague\system\Config\BaseService.php(258): CodeIgniter\Config\Services::uri(NULL, false)
#6 C:\Users\issaw\OneDrive\Documents\GitHub\NouvelleVague\system\Config\BaseService.php(199): CodeIgniter\Config\BaseService::__callStatic('uri', Array)
#7 C:\Users\issaw\OneDrive\Documents\GitHub\NouvelleVague\system\Config\Services.php(792): CodeIgniter\Config\BaseService::getSharedInstance('uri', NULL)
#8 C:\Users\issaw\OneDrive\Documents\GitHub\NouvelleVague\system\Config\BaseService.php(258): CodeIgniter\Config\Services::uri()
#9 C:\Users\issaw\OneDrive\Documents\GitHub\NouvelleVague\system\Config\Services.php(566): CodeIgniter\Config\BaseService::__callStatic('uri', Array)
#10 C:\Users\issaw\OneDrive\Documents\GitHub\NouvelleVague\system\Config\BaseService.php(258): CodeIgniter\Config\Services::incomingrequest(Object(Config\App), false)
#11 C:\Users\issaw\OneDrive\Documents\GitHub\NouvelleVague\system\Config\Services.php(524): CodeIgniter\Config\BaseService::__callStatic('incomingrequest', Array)
#12 C:\Users\issaw\OneDrive\Documents\GitHub\NouvelleVague\system\Config\BaseService.php(258): CodeIgniter\Config\Services::request(Object(Config\App), false)
#13 C:\Users\issaw\OneDrive\Documents\GitHub\NouvelleVague\system\Config\BaseService.php(199): CodeIgniter\Config\BaseService::__callStatic('request', Array)
#14 C:\Users\issaw\OneDrive\Documents\GitHub\NouvelleVague\system\Config\Services.php(559): CodeIgniter\Config\BaseService::getSharedInstance('request', Object(Config\App))
#15 C:\Users\issaw\OneDrive\Documents\GitHub\NouvelleVague\system\Config\BaseService.php(258): CodeIgniter\Config\Services::incomingrequest(Object(Config\App))
#16 C:\Users\issaw\OneDrive\Documents\GitHub\NouvelleVague\system\Config\Services.php(539): CodeIgniter\Config\BaseService::__callStatic('incomingrequest', Array)
#17 C:\Users\issaw\OneDrive\Documents\GitHub\NouvelleVague\system\Config\BaseService.php(258): CodeIgniter\Config\Services::createRequest(Object(Config\App))
#18 C:\Users\issaw\OneDrive\Documents\GitHub\NouvelleVague\system\CodeIgniter.php(655): CodeIgniter\Config\BaseService::__callStatic('createRequest', Array)
#19 C:\Users\issaw\OneDrive\Documents\GitHub\NouvelleVague\system\CodeIgniter.php(355): CodeIgniter\CodeIgniter->getRequestObject()
#20 C:\Users\issaw\OneDrive\Documents\GitHub\NouvelleVague\public\index.php(79): CodeIgniter\CodeIgniter->run()
#21 {main}
in SYSTEMPATH\HTTP\SiteURI.php on line 199.
 1 [internal function]: CodeIgniter\Debug\Exceptions->shutdownHandler()
CRITICAL - 2025-03-04 20:24:50 --> Undefined array key "nbplaceDispo"
in APPPATH\Controllers\c_Reservation.php on line 94.
 1 APPPATH\Controllers\c_Reservation.php(94): CodeIgniter\Debug\Exceptions->errorHandler(2, 'Undefined array key "nbplaceDispo"', 'C:\\Users\\issaw\\OneDrive\\Documents\\GitHub\\NouvelleVague\\app\\Controllers\\c_Reservation.php', 94)
 2 SYSTEMPATH\CodeIgniter.php(942): App\Controllers\c_Reservation->finaliserReservation()
 3 SYSTEMPATH\CodeIgniter.php(502): CodeIgniter\CodeIgniter->runController(Object(App\Controllers\c_Reservation))
 4 SYSTEMPATH\CodeIgniter.php(361): CodeIgniter\CodeIgniter->handleRequest(null, Object(Config\Cache), false)
 5 FCPATH\index.php(79): CodeIgniter\CodeIgniter->run()
CRITICAL - 2025-03-04 20:25:21 --> Undefined array key "nbplaceDispo"
in APPPATH\Controllers\c_Reservation.php on line 94.
 1 APPPATH\Controllers\c_Reservation.php(94): CodeIgniter\Debug\Exceptions->errorHandler(2, 'Undefined array key "nbplaceDispo"', 'C:\\Users\\issaw\\OneDrive\\Documents\\GitHub\\NouvelleVague\\app\\Controllers\\c_Reservation.php', 94)
 2 SYSTEMPATH\CodeIgniter.php(942): App\Controllers\c_Reservation->finaliserReservation()
 3 SYSTEMPATH\CodeIgniter.php(502): CodeIgniter\CodeIgniter->runController(Object(App\Controllers\c_Reservation))
 4 SYSTEMPATH\CodeIgniter.php(361): CodeIgniter\CodeIgniter->handleRequest(null, Object(Config\Cache), false)
 5 FCPATH\index.php(79): CodeIgniter\CodeIgniter->run()
CRITICAL - 2025-03-04 20:54:01 --> Undefined array key "nbplaceDispo"
in APPPATH\Controllers\c_Reservation.php on line 94.
 1 APPPATH\Controllers\c_Reservation.php(94): CodeIgniter\Debug\Exceptions->errorHandler(2, 'Undefined array key "nbplaceDispo"', 'C:\\Users\\ezK2o\\Documents\\GitHub\\NouvelleVague\\app\\Controllers\\c_Reservation.php', 94)
 2 SYSTEMPATH\CodeIgniter.php(942): App\Controllers\c_Reservation->finaliserReservation()
 3 SYSTEMPATH\CodeIgniter.php(502): CodeIgniter\CodeIgniter->runController(Object(App\Controllers\c_Reservation))
 4 SYSTEMPATH\CodeIgniter.php(361): CodeIgniter\CodeIgniter->handleRequest(null, Object(Config\Cache), false)
 5 FCPATH\index.php(79): CodeIgniter\CodeIgniter->run()
CRITICAL - 2025-03-04 21:03:21 --> Undefined array key "nbplaceDispo"
in APPPATH\Controllers\c_Reservation.php on line 94.
 1 APPPATH\Controllers\c_Reservation.php(94): CodeIgniter\Debug\Exceptions->errorHandler(2, 'Undefined array key "nbplaceDispo"', 'C:\\Users\\ezK2o\\Documents\\GitHub\\NouvelleVague\\app\\Controllers\\c_Reservation.php', 94)
 2 SYSTEMPATH\CodeIgniter.php(942): App\Controllers\c_Reservation->finaliserReservation()
 3 SYSTEMPATH\CodeIgniter.php(502): CodeIgniter\CodeIgniter->runController(Object(App\Controllers\c_Reservation))
 4 SYSTEMPATH\CodeIgniter.php(361): CodeIgniter\CodeIgniter->handleRequest(null, Object(Config\Cache), false)
 5 FCPATH\index.php(79): CodeIgniter\CodeIgniter->run()
CRITICAL - 2025-03-04 21:14:19 --> Undefined variable $idUser
in APPPATH\Controllers\c_Inscription.php on line 62.
 1 APPPATH\Controllers\c_Inscription.php(62): CodeIgniter\Debug\Exceptions->errorHandler(2, 'Undefined variable $idUser', 'C:\\Users\\ezK2o\\Documents\\GitHub\\NouvelleVague\\app\\Controllers\\c_Inscription.php', 62)
 2 SYSTEMPATH\CodeIgniter.php(942): App\Controllers\c_Inscription->inscriptionUtilisateur()
 3 SYSTEMPATH\CodeIgniter.php(502): CodeIgniter\CodeIgniter->runController(Object(App\Controllers\c_Inscription))
 4 SYSTEMPATH\CodeIgniter.php(361): CodeIgniter\CodeIgniter->handleRequest(null, Object(Config\Cache), false)
 5 FCPATH\index.php(79): CodeIgniter\CodeIgniter->run()
CRITICAL - 2025-03-04 21:15:02 --> Undefined property: stdClass::$idUser
in APPPATH\Models\Monmodele.php on line 390.
 1 APPPATH\Models\Monmodele.php(390): CodeIgniter\Debug\Exceptions->errorHandler(2, 'Undefined property: stdClass::$idUser', 'C:\\Users\\ezK2o\\Documents\\GitHub\\NouvelleVague\\app\\Models\\Monmodele.php', 390)
 2 APPPATH\Controllers\c_Inscription.php(65): App\Models\Monmodele->getName('3')
 3 SYSTEMPATH\CodeIgniter.php(942): App\Controllers\c_Inscription->inscriptionUtilisateur()
 4 SYSTEMPATH\CodeIgniter.php(502): CodeIgniter\CodeIgniter->runController(Object(App\Controllers\c_Inscription))
 5 SYSTEMPATH\CodeIgniter.php(361): CodeIgniter\CodeIgniter->handleRequest(null, Object(Config\Cache), false)
 6 FCPATH\index.php(79): CodeIgniter\CodeIgniter->run()
