CRITICAL - 2025-01-29 13:56:21 --> Undefined property: stdClass::$nb
in APPPATH\Models\Monmodele.php on line 82.
 1 APPPATH\Models\Monmodele.php(82): CodeIgniter\Debug\Exceptions->errorHandler(2, 'Undefined property: stdClass::$nb', 'C:\\Users\\Dell\\Documents\\GitHub\\NouvelleVague\\app\\Models\\Monmodele.php', 82)
 2 APPPATH\Controllers\c_Administration.php(27): App\Models\Monmodele->nbEvenements()
 3 SYSTEMPATH\CodeIgniter.php(942): App\Controllers\c_Administration->inscriptionEvenement()
 4 SYSTEMPATH\CodeIgniter.php(502): CodeIgniter\CodeIgniter->runController(Object(App\Controllers\c_Administration))
 5 SYSTEMPATH\CodeIgniter.php(361): CodeIgniter\CodeIgniter->handleRequest(null, Object(Config\Cache), false)
 6 FCPATH\index.php(79): CodeIgniter\CodeIgniter->run()
CRITICAL - 2025-01-29 14:13:50 --> Object of class stdClass could not be converted to string
in SYSTEMPATH\Helpers\html_helper.php on line 70.
 1 SYSTEMPATH\Helpers\html_helper.php(43): _list('ol', [...], '')
 2 APPPATH\Views\v_ConsultationInscriptionEvenement.php(2): ol([...])
 3 SYSTEMPATH\View\View.php(228): include('C:\\Users\\Dell\\Documents\\GitHub\\NouvelleVague\\app\\Views\\v_ConsultationInscriptionEvenement.php')
 4 SYSTEMPATH\View\View.php(231): CodeIgniter\View\View->CodeIgniter\View\{closure}()
 5 SYSTEMPATH\Common.php(1190): CodeIgniter\View\View->render('v_ConsultationInscriptionEvenement.php', [], true)
 6 APPPATH\Controllers\c_Administration.php(39): view('v_ConsultationInscriptionEvenement.php', [...])
 7 SYSTEMPATH\CodeIgniter.php(942): App\Controllers\c_Administration->inscriptionEvenement()
 8 SYSTEMPATH\CodeIgniter.php(502): CodeIgniter\CodeIgniter->runController(Object(App\Controllers\c_Administration))
 9 SYSTEMPATH\CodeIgniter.php(361): CodeIgniter\CodeIgniter->handleRequest(null, Object(Config\Cache), false)
10 FCPATH\index.php(79): CodeIgniter\CodeIgniter->run()
CRITICAL - 2025-01-29 14:13:59 --> Object of class stdClass could not be converted to string
in SYSTEMPATH\Helpers\html_helper.php on line 70.
 1 SYSTEMPATH\Helpers\html_helper.php(43): _list('ol', [...], '')
 2 APPPATH\Views\v_ConsultationInscriptionEvenement.php(2): ol([...])
 3 SYSTEMPATH\View\View.php(228): include('C:\\Users\\Dell\\Documents\\GitHub\\NouvelleVague\\app\\Views\\v_ConsultationInscriptionEvenement.php')
 4 SYSTEMPATH\View\View.php(231): CodeIgniter\View\View->CodeIgniter\View\{closure}()
 5 SYSTEMPATH\Common.php(1190): CodeIgniter\View\View->render('v_ConsultationInscriptionEvenement.php', [], true)
 6 APPPATH\Controllers\c_Administration.php(39): view('v_ConsultationInscriptionEvenement.php', [...])
 7 SYSTEMPATH\CodeIgniter.php(942): App\Controllers\c_Administration->inscriptionEvenement()
 8 SYSTEMPATH\CodeIgniter.php(502): CodeIgniter\CodeIgniter->runController(Object(App\Controllers\c_Administration))
 9 SYSTEMPATH\CodeIgniter.php(361): CodeIgniter\CodeIgniter->handleRequest(null, Object(Config\Cache), false)
10 FCPATH\index.php(79): CodeIgniter\CodeIgniter->run()
CRITICAL - 2025-01-29 14:16:43 --> Object of class stdClass could not be converted to string
in SYSTEMPATH\Helpers\html_helper.php on line 70.
 1 SYSTEMPATH\Helpers\html_helper.php(43): _list('ol', [...], '')
 2 APPPATH\Views\v_ConsultationInscriptionEvenement.php(2): ol([...])
 3 SYSTEMPATH\View\View.php(228): include('C:\\Users\\Dell\\Documents\\GitHub\\NouvelleVague\\app\\Views\\v_ConsultationInscriptionEvenement.php')
 4 SYSTEMPATH\View\View.php(231): CodeIgniter\View\View->CodeIgniter\View\{closure}()
 5 SYSTEMPATH\Common.php(1190): CodeIgniter\View\View->render('v_ConsultationInscriptionEvenement.php', [], true)
 6 APPPATH\Controllers\c_Administration.php(39): view('v_ConsultationInscriptionEvenement.php', [...])
 7 SYSTEMPATH\CodeIgniter.php(942): App\Controllers\c_Administration->inscriptionEvenement()
 8 SYSTEMPATH\CodeIgniter.php(502): CodeIgniter\CodeIgniter->runController(Object(App\Controllers\c_Administration))
 9 SYSTEMPATH\CodeIgniter.php(361): CodeIgniter\CodeIgniter->handleRequest(null, Object(Config\Cache), false)
10 FCPATH\index.php(79): CodeIgniter\CodeIgniter->run()
CRITICAL - 2025-01-29 14:28:19 --> Call to undefined function generate()
in APPPATH\Views\v_ConsultationInscriptionEvenement.php on line 2.
 1 SYSTEMPATH\View\View.php(228): include()
 2 SYSTEMPATH\View\View.php(231): CodeIgniter\View\View->CodeIgniter\View\{closure}()
 3 SYSTEMPATH\Common.php(1190): CodeIgniter\View\View->render('v_ConsultationInscriptionEvenement.php', [], true)
 4 APPPATH\Controllers\c_Administration.php(39): view('v_ConsultationInscriptionEvenement.php', [...])
 5 SYSTEMPATH\CodeIgniter.php(942): App\Controllers\c_Administration->inscriptionEvenement()
 6 SYSTEMPATH\CodeIgniter.php(502): CodeIgniter\CodeIgniter->runController(Object(App\Controllers\c_Administration))
 7 SYSTEMPATH\CodeIgniter.php(361): CodeIgniter\CodeIgniter->handleRequest(null, Object(Config\Cache), false)
 8 FCPATH\index.php(79): CodeIgniter\CodeIgniter->run()
CRITICAL - 2025-01-29 15:31:07 --> syntax error, unexpected token ";", expecting ")"
in APPPATH\Controllers\c_Administration.php on line 47.
 1 SYSTEMPATH\Autoloader\Autoloader.php(291): CodeIgniter\Autoloader\Autoloader->includeFile('C:\\Users\\Dell\\Documents\\GitHub\\NouvelleVague\\app\\Controllers\\c_Administration.php')
 2 SYSTEMPATH\Autoloader\Autoloader.php(269): CodeIgniter\Autoloader\Autoloader->loadInNamespace('App\\Controllers\\c_Administration')
 3 [internal function]: CodeIgniter\Autoloader\Autoloader->loadClass('App\\Controllers\\c_Administration')
 4 SYSTEMPATH\CodeIgniter.php(900): class_exists('\\App\\Controllers\\c_Administration', true)
 5 SYSTEMPATH\CodeIgniter.php(489): CodeIgniter\CodeIgniter->startController()
 6 SYSTEMPATH\CodeIgniter.php(361): CodeIgniter\CodeIgniter->handleRequest(null, Object(Config\Cache), false)
 7 FCPATH\index.php(79): CodeIgniter\CodeIgniter->run()
CRITICAL - 2025-01-29 15:31:16 --> view(): Argument #2 ($data) must be of type array, string given, called in C:\Users\Dell\Documents\GitHub\NouvelleVague\app\Controllers\c_Administration.php on line 47
in SYSTEMPATH\Common.php on line 1178.
 1 APPPATH\Controllers\c_Administration.php(47): view('v_ConsultationInscriptionEvenement.php', '<table border="0" cellpadding="4" cellspacing="0">
<thead>
<tr>
<th>idGestion</th><th>nomEvenement</th><th>dateEvenement</th><th>descrption</th><th>nbplaceDispo</th><th>dureeEvenement</th><th>nbplaceMax</th><th>statutEvenement</th></tr>
</thead>
<tbody>
<tr>
<td>1</td><td>MXGP</td><td>2025-01-29</td><td>Course en moto</td><td>50</td><td>03:00:00</td><td>100</td><td>actif</td></tr>
<tr>
<td>2</td><td>MXGP</td><td>2025-01-29</td><td>Course en moto</td><td>50</td><td>00:00:00</td><td>100</td><td>actif</td></tr>
</tbody>
</table>')
 2 SYSTEMPATH\CodeIgniter.php(942): App\Controllers\c_Administration->inscriptionEvenement()
 3 SYSTEMPATH\CodeIgniter.php(502): CodeIgniter\CodeIgniter->runController(Object(App\Controllers\c_Administration))
 4 SYSTEMPATH\CodeIgniter.php(361): CodeIgniter\CodeIgniter->handleRequest(null, Object(Config\Cache), false)
 5 FCPATH\index.php(79): CodeIgniter\CodeIgniter->run()
CRITICAL - 2025-01-29 15:33:05 --> Attempt to read property "idGestion" on array
in APPPATH\Controllers\c_Administration.php on line 46.
 1 APPPATH\Controllers\c_Administration.php(46): CodeIgniter\Debug\Exceptions->errorHandler(2, 'Attempt to read property "idGestion" on array', 'C:\\Users\\Dell\\Documents\\GitHub\\NouvelleVague\\app\\Controllers\\c_Administration.php', 46)
 2 SYSTEMPATH\CodeIgniter.php(942): App\Controllers\c_Administration->inscriptionEvenement()
 3 SYSTEMPATH\CodeIgniter.php(502): CodeIgniter\CodeIgniter->runController(Object(App\Controllers\c_Administration))
 4 SYSTEMPATH\CodeIgniter.php(361): CodeIgniter\CodeIgniter->handleRequest(null, Object(Config\Cache), false)
 5 FCPATH\index.php(79): CodeIgniter\CodeIgniter->run()
CRITICAL - 2025-01-29 15:35:11 --> Undefined array key "description"
in APPPATH\Controllers\c_Administration.php on line 49.
 1 APPPATH\Controllers\c_Administration.php(49): CodeIgniter\Debug\Exceptions->errorHandler(2, 'Undefined array key "description"', 'C:\\Users\\Dell\\Documents\\GitHub\\NouvelleVague\\app\\Controllers\\c_Administration.php', 49)
 2 SYSTEMPATH\CodeIgniter.php(942): App\Controllers\c_Administration->inscriptionEvenement()
 3 SYSTEMPATH\CodeIgniter.php(502): CodeIgniter\CodeIgniter->runController(Object(App\Controllers\c_Administration))
 4 SYSTEMPATH\CodeIgniter.php(361): CodeIgniter\CodeIgniter->handleRequest(null, Object(Config\Cache), false)
 5 FCPATH\index.php(79): CodeIgniter\CodeIgniter->run()
CRITICAL - 2025-01-29 15:35:43 --> Undefined array key "description"
in APPPATH\Controllers\c_Administration.php on line 49.
 1 APPPATH\Controllers\c_Administration.php(49): CodeIgniter\Debug\Exceptions->errorHandler(2, 'Undefined array key "description"', 'C:\\Users\\Dell\\Documents\\GitHub\\NouvelleVague\\app\\Controllers\\c_Administration.php', 49)
 2 SYSTEMPATH\CodeIgniter.php(942): App\Controllers\c_Administration->inscriptionEvenement()
 3 SYSTEMPATH\CodeIgniter.php(502): CodeIgniter\CodeIgniter->runController(Object(App\Controllers\c_Administration))
 4 SYSTEMPATH\CodeIgniter.php(361): CodeIgniter\CodeIgniter->handleRequest(null, Object(Config\Cache), false)
 5 FCPATH\index.php(79): CodeIgniter\CodeIgniter->run()
CRITICAL - 2025-01-29 15:35:44 --> Undefined array key "description"
in APPPATH\Controllers\c_Administration.php on line 49.
 1 APPPATH\Controllers\c_Administration.php(49): CodeIgniter\Debug\Exceptions->errorHandler(2, 'Undefined array key "description"', 'C:\\Users\\Dell\\Documents\\GitHub\\NouvelleVague\\app\\Controllers\\c_Administration.php', 49)
 2 SYSTEMPATH\CodeIgniter.php(942): App\Controllers\c_Administration->inscriptionEvenement()
 3 SYSTEMPATH\CodeIgniter.php(502): CodeIgniter\CodeIgniter->runController(Object(App\Controllers\c_Administration))
 4 SYSTEMPATH\CodeIgniter.php(361): CodeIgniter\CodeIgniter->handleRequest(null, Object(Config\Cache), false)
 5 FCPATH\index.php(79): CodeIgniter\CodeIgniter->run()
CRITICAL - 2025-01-29 15:35:44 --> Undefined array key "description"
in APPPATH\Controllers\c_Administration.php on line 49.
 1 APPPATH\Controllers\c_Administration.php(49): CodeIgniter\Debug\Exceptions->errorHandler(2, 'Undefined array key "description"', 'C:\\Users\\Dell\\Documents\\GitHub\\NouvelleVague\\app\\Controllers\\c_Administration.php', 49)
 2 SYSTEMPATH\CodeIgniter.php(942): App\Controllers\c_Administration->inscriptionEvenement()
 3 SYSTEMPATH\CodeIgniter.php(502): CodeIgniter\CodeIgniter->runController(Object(App\Controllers\c_Administration))
 4 SYSTEMPATH\CodeIgniter.php(361): CodeIgniter\CodeIgniter->handleRequest(null, Object(Config\Cache), false)
 5 FCPATH\index.php(79): CodeIgniter\CodeIgniter->run()
CRITICAL - 2025-01-29 15:35:44 --> Undefined array key "description"
in APPPATH\Controllers\c_Administration.php on line 49.
 1 APPPATH\Controllers\c_Administration.php(49): CodeIgniter\Debug\Exceptions->errorHandler(2, 'Undefined array key "description"', 'C:\\Users\\Dell\\Documents\\GitHub\\NouvelleVague\\app\\Controllers\\c_Administration.php', 49)
 2 SYSTEMPATH\CodeIgniter.php(942): App\Controllers\c_Administration->inscriptionEvenement()
 3 SYSTEMPATH\CodeIgniter.php(502): CodeIgniter\CodeIgniter->runController(Object(App\Controllers\c_Administration))
 4 SYSTEMPATH\CodeIgniter.php(361): CodeIgniter\CodeIgniter->handleRequest(null, Object(Config\Cache), false)
 5 FCPATH\index.php(79): CodeIgniter\CodeIgniter->run()
CRITICAL - 2025-01-29 15:53:01 --> Undefined variable $unEvent
in APPPATH\Controllers\c_Administration.php on line 43.
 1 APPPATH\Controllers\c_Administration.php(43): CodeIgniter\Debug\Exceptions->errorHandler(2, 'Undefined variable $unEvent', 'C:\\Users\\Dell\\Documents\\GitHub\\NouvelleVague\\app\\Controllers\\c_Administration.php', 43)
 2 SYSTEMPATH\CodeIgniter.php(942): App\Controllers\c_Administration->inscriptionEvenement()
 3 SYSTEMPATH\CodeIgniter.php(502): CodeIgniter\CodeIgniter->runController(Object(App\Controllers\c_Administration))
 4 SYSTEMPATH\CodeIgniter.php(361): CodeIgniter\CodeIgniter->handleRequest(null, Object(Config\Cache), false)
 5 FCPATH\index.php(79): CodeIgniter\CodeIgniter->run()
CRITICAL - 2025-01-29 15:53:02 --> Undefined variable $unEvent
in APPPATH\Controllers\c_Administration.php on line 43.
 1 APPPATH\Controllers\c_Administration.php(43): CodeIgniter\Debug\Exceptions->errorHandler(2, 'Undefined variable $unEvent', 'C:\\Users\\Dell\\Documents\\GitHub\\NouvelleVague\\app\\Controllers\\c_Administration.php', 43)
 2 SYSTEMPATH\CodeIgniter.php(942): App\Controllers\c_Administration->inscriptionEvenement()
 3 SYSTEMPATH\CodeIgniter.php(502): CodeIgniter\CodeIgniter->runController(Object(App\Controllers\c_Administration))
 4 SYSTEMPATH\CodeIgniter.php(361): CodeIgniter\CodeIgniter->handleRequest(null, Object(Config\Cache), false)
 5 FCPATH\index.php(79): CodeIgniter\CodeIgniter->run()
CRITICAL - 2025-01-29 15:53:03 --> Undefined variable $unEvent
in APPPATH\Controllers\c_Administration.php on line 43.
 1 APPPATH\Controllers\c_Administration.php(43): CodeIgniter\Debug\Exceptions->errorHandler(2, 'Undefined variable $unEvent', 'C:\\Users\\Dell\\Documents\\GitHub\\NouvelleVague\\app\\Controllers\\c_Administration.php', 43)
 2 SYSTEMPATH\CodeIgniter.php(942): App\Controllers\c_Administration->inscriptionEvenement()
 3 SYSTEMPATH\CodeIgniter.php(502): CodeIgniter\CodeIgniter->runController(Object(App\Controllers\c_Administration))
 4 SYSTEMPATH\CodeIgniter.php(361): CodeIgniter\CodeIgniter->handleRequest(null, Object(Config\Cache), false)
 5 FCPATH\index.php(79): CodeIgniter\CodeIgniter->run()
