CRITICAL - 2025-02-11 13:30:15 --> Undefined array key "user"
in APPPATH\Views\v_SecretairePanel.php on line 181.
 1 APPPATH\Views\v_SecretairePanel.php(181): CodeIgniter\Debug\Exceptions->errorHandler(2, 'Undefined array key "user"', 'C:\\Users\\Dell\\Documents\\GitHub\\NouvelleVague\\app\\Views\\v_SecretairePanel.php', 181)
 2 SYSTEMPATH\View\View.php(228): include('C:\\Users\\Dell\\Documents\\GitHub\\NouvelleVague\\app\\Views\\v_SecretairePanel.php')
 3 SYSTEMPATH\View\View.php(231): CodeIgniter\View\View->CodeIgniter\View\{closure}()
 4 SYSTEMPATH\Common.php(1190): CodeIgniter\View\View->render('v_SecretairePanel.php', [], true)
 5 APPPATH\Controllers\c_Administration.php(150): view('v_SecretairePanel.php')
 6 SYSTEMPATH\CodeIgniter.php(942): App\Controllers\c_Administration->creerEvenements()
 7 SYSTEMPATH\CodeIgniter.php(502): CodeIgniter\CodeIgniter->runController(Object(App\Controllers\c_Administration))
 8 SYSTEMPATH\CodeIgniter.php(361): CodeIgniter\CodeIgniter->handleRequest(null, Object(Config\Cache), false)
 9 FCPATH\index.php(79): CodeIgniter\CodeIgniter->run()
CRITICAL - 2025-02-11 13:30:30 --> Undefined array key "role"
in APPPATH\Controllers\c_Administration.php on line 9.
 1 APPPATH\Controllers\c_Administration.php(9): CodeIgniter\Debug\Exceptions->errorHandler(2, 'Undefined array key "role"', 'C:\\Users\\Dell\\Documents\\GitHub\\NouvelleVague\\app\\Controllers\\c_Administration.php', 9)
 2 SYSTEMPATH\CodeIgniter.php(942): App\Controllers\c_Administration->index()
 3 SYSTEMPATH\CodeIgniter.php(502): CodeIgniter\CodeIgniter->runController(Object(App\Controllers\c_Administration))
 4 SYSTEMPATH\CodeIgniter.php(361): CodeIgniter\CodeIgniter->handleRequest(null, Object(Config\Cache), false)
 5 FCPATH\index.php(79): CodeIgniter\CodeIgniter->run()
CRITICAL - 2025-02-11 14:33:05 --> Undefined variable $data
in APPPATH\Controllers\c_Administration.php on line 164.
 1 APPPATH\Controllers\c_Administration.php(164): CodeIgniter\Debug\Exceptions->errorHandler(2, 'Undefined variable $data', 'C:\\Users\\Dell\\Documents\\GitHub\\NouvelleVague\\app\\Controllers\\c_Administration.php', 164)
 2 SYSTEMPATH\CodeIgniter.php(942): App\Controllers\c_Administration->creerEvenements()
 3 SYSTEMPATH\CodeIgniter.php(502): CodeIgniter\CodeIgniter->runController(Object(App\Controllers\c_Administration))
 4 SYSTEMPATH\CodeIgniter.php(361): CodeIgniter\CodeIgniter->handleRequest(null, Object(Config\Cache), false)
 5 FCPATH\index.php(79): CodeIgniter\CodeIgniter->run()
CRITICAL - 2025-02-11 14:33:06 --> Undefined variable $data
in APPPATH\Controllers\c_Administration.php on line 164.
 1 APPPATH\Controllers\c_Administration.php(164): CodeIgniter\Debug\Exceptions->errorHandler(2, 'Undefined variable $data', 'C:\\Users\\Dell\\Documents\\GitHub\\NouvelleVague\\app\\Controllers\\c_Administration.php', 164)
 2 SYSTEMPATH\CodeIgniter.php(942): App\Controllers\c_Administration->creerEvenements()
 3 SYSTEMPATH\CodeIgniter.php(502): CodeIgniter\CodeIgniter->runController(Object(App\Controllers\c_Administration))
 4 SYSTEMPATH\CodeIgniter.php(361): CodeIgniter\CodeIgniter->handleRequest(null, Object(Config\Cache), false)
 5 FCPATH\index.php(79): CodeIgniter\CodeIgniter->run()
CRITICAL - 2025-02-11 14:33:06 --> Undefined variable $data
in APPPATH\Controllers\c_Administration.php on line 164.
 1 APPPATH\Controllers\c_Administration.php(164): CodeIgniter\Debug\Exceptions->errorHandler(2, 'Undefined variable $data', 'C:\\Users\\Dell\\Documents\\GitHub\\NouvelleVague\\app\\Controllers\\c_Administration.php', 164)
 2 SYSTEMPATH\CodeIgniter.php(942): App\Controllers\c_Administration->creerEvenements()
 3 SYSTEMPATH\CodeIgniter.php(502): CodeIgniter\CodeIgniter->runController(Object(App\Controllers\c_Administration))
 4 SYSTEMPATH\CodeIgniter.php(361): CodeIgniter\CodeIgniter->handleRequest(null, Object(Config\Cache), false)
 5 FCPATH\index.php(79): CodeIgniter\CodeIgniter->run()
CRITICAL - 2025-02-11 14:33:22 --> syntax error, unexpected token "echo"
in APPPATH\Views\v_FormulaireCreationEvenement.php on line 9.
 1 SYSTEMPATH\View\View.php(231): CodeIgniter\View\View->CodeIgniter\View\{closure}()
 2 SYSTEMPATH\Common.php(1190): CodeIgniter\View\View->render('v_FormulaireCreationEvenement.php', [], true)
 3 APPPATH\Controllers\c_Administration.php(164): view('v_FormulaireCreationEvenement.php', [...])
 4 SYSTEMPATH\CodeIgniter.php(942): App\Controllers\c_Administration->creerEvenements()
 5 SYSTEMPATH\CodeIgniter.php(502): CodeIgniter\CodeIgniter->runController(Object(App\Controllers\c_Administration))
 6 SYSTEMPATH\CodeIgniter.php(361): CodeIgniter\CodeIgniter->handleRequest(null, Object(Config\Cache), false)
 7 FCPATH\index.php(79): CodeIgniter\CodeIgniter->run()
CRITICAL - 2025-02-11 14:33:23 --> syntax error, unexpected token "echo"
in APPPATH\Views\v_FormulaireCreationEvenement.php on line 9.
 1 SYSTEMPATH\View\View.php(231): CodeIgniter\View\View->CodeIgniter\View\{closure}()
 2 SYSTEMPATH\Common.php(1190): CodeIgniter\View\View->render('v_FormulaireCreationEvenement.php', [], true)
 3 APPPATH\Controllers\c_Administration.php(164): view('v_FormulaireCreationEvenement.php', [...])
 4 SYSTEMPATH\CodeIgniter.php(942): App\Controllers\c_Administration->creerEvenements()
 5 SYSTEMPATH\CodeIgniter.php(502): CodeIgniter\CodeIgniter->runController(Object(App\Controllers\c_Administration))
 6 SYSTEMPATH\CodeIgniter.php(361): CodeIgniter\CodeIgniter->handleRequest(null, Object(Config\Cache), false)
 7 FCPATH\index.php(79): CodeIgniter\CodeIgniter->run()
