CRITICAL - 2025-02-12 16:21:30 --> syntax error, unexpected variable "$monModele"
in APPPATH\Controllers\c_Administration.php on line 169.
 1 SYSTEMPATH\Autoloader\Autoloader.php(291): CodeIgniter\Autoloader\Autoloader->includeFile('C:\\Users\\Dell\\Documents\\GitHub\\NouvelleVague\\app\\Controllers\\c_Administration.php')
 2 SYSTEMPATH\Autoloader\Autoloader.php(269): CodeIgniter\Autoloader\Autoloader->loadInNamespace('App\\Controllers\\c_Administration')
 3 [internal function]: CodeIgniter\Autoloader\Autoloader->loadClass('App\\Controllers\\c_Administration')
 4 SYSTEMPATH\CodeIgniter.php(900): class_exists('\\App\\Controllers\\c_Administration', true)
 5 SYSTEMPATH\CodeIgniter.php(489): CodeIgniter\CodeIgniter->startController()
 6 SYSTEMPATH\CodeIgniter.php(361): CodeIgniter\CodeIgniter->handleRequest(null, Object(Config\Cache), false)
 7 FCPATH\index.php(79): CodeIgniter\CodeIgniter->run()
CRITICAL - 2025-02-12 16:21:48 --> syntax error, unexpected variable "$monModele"
in APPPATH\Controllers\c_Administration.php on line 169.
 1 SYSTEMPATH\Autoloader\Autoloader.php(291): CodeIgniter\Autoloader\Autoloader->includeFile('C:\\Users\\Dell\\Documents\\GitHub\\NouvelleVague\\app\\Controllers\\c_Administration.php')
 2 SYSTEMPATH\Autoloader\Autoloader.php(269): CodeIgniter\Autoloader\Autoloader->loadInNamespace('App\\Controllers\\c_Administration')
 3 [internal function]: CodeIgniter\Autoloader\Autoloader->loadClass('App\\Controllers\\c_Administration')
 4 SYSTEMPATH\CodeIgniter.php(900): class_exists('\\App\\Controllers\\c_Administration', true)
 5 SYSTEMPATH\CodeIgniter.php(489): CodeIgniter\CodeIgniter->startController()
 6 SYSTEMPATH\CodeIgniter.php(361): CodeIgniter\CodeIgniter->handleRequest(null, Object(Config\Cache), false)
 7 FCPATH\index.php(79): CodeIgniter\CodeIgniter->run()
CRITICAL - 2025-02-12 16:21:49 --> syntax error, unexpected variable "$monModele"
in APPPATH\Controllers\c_Administration.php on line 169.
 1 SYSTEMPATH\Autoloader\Autoloader.php(291): CodeIgniter\Autoloader\Autoloader->includeFile('C:\\Users\\Dell\\Documents\\GitHub\\NouvelleVague\\app\\Controllers\\c_Administration.php')
 2 SYSTEMPATH\Autoloader\Autoloader.php(269): CodeIgniter\Autoloader\Autoloader->loadInNamespace('App\\Controllers\\c_Administration')
 3 [internal function]: CodeIgniter\Autoloader\Autoloader->loadClass('App\\Controllers\\c_Administration')
 4 SYSTEMPATH\CodeIgniter.php(900): class_exists('\\App\\Controllers\\c_Administration', true)
 5 SYSTEMPATH\CodeIgniter.php(489): CodeIgniter\CodeIgniter->startController()
 6 SYSTEMPATH\CodeIgniter.php(361): CodeIgniter\CodeIgniter->handleRequest(null, Object(Config\Cache), false)
 7 FCPATH\index.php(79): CodeIgniter\CodeIgniter->run()
CRITICAL - 2025-02-12 16:21:49 --> syntax error, unexpected variable "$monModele"
in APPPATH\Controllers\c_Administration.php on line 169.
 1 SYSTEMPATH\Autoloader\Autoloader.php(291): CodeIgniter\Autoloader\Autoloader->includeFile('C:\\Users\\Dell\\Documents\\GitHub\\NouvelleVague\\app\\Controllers\\c_Administration.php')
 2 SYSTEMPATH\Autoloader\Autoloader.php(269): CodeIgniter\Autoloader\Autoloader->loadInNamespace('App\\Controllers\\c_Administration')
 3 [internal function]: CodeIgniter\Autoloader\Autoloader->loadClass('App\\Controllers\\c_Administration')
 4 SYSTEMPATH\CodeIgniter.php(900): class_exists('\\App\\Controllers\\c_Administration', true)
 5 SYSTEMPATH\CodeIgniter.php(489): CodeIgniter\CodeIgniter->startController()
 6 SYSTEMPATH\CodeIgniter.php(361): CodeIgniter\CodeIgniter->handleRequest(null, Object(Config\Cache), false)
 7 FCPATH\index.php(79): CodeIgniter\CodeIgniter->run()
CRITICAL - 2025-02-12 16:21:49 --> syntax error, unexpected variable "$monModele"
in APPPATH\Controllers\c_Administration.php on line 169.
 1 SYSTEMPATH\Autoloader\Autoloader.php(291): CodeIgniter\Autoloader\Autoloader->includeFile('C:\\Users\\Dell\\Documents\\GitHub\\NouvelleVague\\app\\Controllers\\c_Administration.php')
 2 SYSTEMPATH\Autoloader\Autoloader.php(269): CodeIgniter\Autoloader\Autoloader->loadInNamespace('App\\Controllers\\c_Administration')
 3 [internal function]: CodeIgniter\Autoloader\Autoloader->loadClass('App\\Controllers\\c_Administration')
 4 SYSTEMPATH\CodeIgniter.php(900): class_exists('\\App\\Controllers\\c_Administration', true)
 5 SYSTEMPATH\CodeIgniter.php(489): CodeIgniter\CodeIgniter->startController()
 6 SYSTEMPATH\CodeIgniter.php(361): CodeIgniter\CodeIgniter->handleRequest(null, Object(Config\Cache), false)
 7 FCPATH\index.php(79): CodeIgniter\CodeIgniter->run()
CRITICAL - 2025-02-12 16:21:49 --> syntax error, unexpected variable "$monModele"
in APPPATH\Controllers\c_Administration.php on line 169.
 1 SYSTEMPATH\Autoloader\Autoloader.php(291): CodeIgniter\Autoloader\Autoloader->includeFile('C:\\Users\\Dell\\Documents\\GitHub\\NouvelleVague\\app\\Controllers\\c_Administration.php')
 2 SYSTEMPATH\Autoloader\Autoloader.php(269): CodeIgniter\Autoloader\Autoloader->loadInNamespace('App\\Controllers\\c_Administration')
 3 [internal function]: CodeIgniter\Autoloader\Autoloader->loadClass('App\\Controllers\\c_Administration')
 4 SYSTEMPATH\CodeIgniter.php(900): class_exists('\\App\\Controllers\\c_Administration', true)
 5 SYSTEMPATH\CodeIgniter.php(489): CodeIgniter\CodeIgniter->startController()
 6 SYSTEMPATH\CodeIgniter.php(361): CodeIgniter\CodeIgniter->handleRequest(null, Object(Config\Cache), false)
 7 FCPATH\index.php(79): CodeIgniter\CodeIgniter->run()
CRITICAL - 2025-02-12 16:21:49 --> syntax error, unexpected variable "$monModele"
in APPPATH\Controllers\c_Administration.php on line 169.
 1 SYSTEMPATH\Autoloader\Autoloader.php(291): CodeIgniter\Autoloader\Autoloader->includeFile('C:\\Users\\Dell\\Documents\\GitHub\\NouvelleVague\\app\\Controllers\\c_Administration.php')
 2 SYSTEMPATH\Autoloader\Autoloader.php(269): CodeIgniter\Autoloader\Autoloader->loadInNamespace('App\\Controllers\\c_Administration')
 3 [internal function]: CodeIgniter\Autoloader\Autoloader->loadClass('App\\Controllers\\c_Administration')
 4 SYSTEMPATH\CodeIgniter.php(900): class_exists('\\App\\Controllers\\c_Administration', true)
 5 SYSTEMPATH\CodeIgniter.php(489): CodeIgniter\CodeIgniter->startController()
 6 SYSTEMPATH\CodeIgniter.php(361): CodeIgniter\CodeIgniter->handleRequest(null, Object(Config\Cache), false)
 7 FCPATH\index.php(79): CodeIgniter\CodeIgniter->run()
CRITICAL - 2025-02-12 16:24:26 --> Undefined variable $login
in APPPATH\Models\Monmodele.php on line 175.
 1 APPPATH\Models\Monmodele.php(175): CodeIgniter\Debug\Exceptions->errorHandler(2, 'Undefined variable $login', 'C:\\Users\\Dell\\Documents\\GitHub\\NouvelleVague\\app\\Models\\Monmodele.php', 175)
 2 APPPATH\Controllers\c_Administration.php(166): App\Models\Monmodele->getidTypeEvenement(null)
 3 SYSTEMPATH\CodeIgniter.php(942): App\Controllers\c_Administration->creerEvenements()
 4 SYSTEMPATH\CodeIgniter.php(502): CodeIgniter\CodeIgniter->runController(Object(App\Controllers\c_Administration))
 5 SYSTEMPATH\CodeIgniter.php(361): CodeIgniter\CodeIgniter->handleRequest(null, Object(Config\Cache), false)
 6 FCPATH\index.php(79): CodeIgniter\CodeIgniter->run()
