CRITICAL - 2025-03-09 14:06:52 --> Undefined array key "representant"
in APPPATH\Controllers\c_Administration.php on line 352.
 1 APPPATH\Controllers\c_Administration.php(352): CodeIgniter\Debug\Exceptions->errorHandler(2, 'Undefined array key "representant"', 'C:\\Users\\ezK2o\\Documents\\GitHub\\NouvelleVague\\app\\Controllers\\c_Administration.php', 352)
 2 SYSTEMPATH\CodeIgniter.php(942): App\Controllers\c_Administration->modifierEvenement()
 3 SYSTEMPATH\CodeIgniter.php(502): CodeIgniter\CodeIgniter->runController(Object(App\Controllers\c_Administration))
 4 SYSTEMPATH\CodeIgniter.php(361): CodeIgniter\CodeIgniter->handleRequest(null, Object(Config\Cache), false)
 5 FCPATH\index.php(79): CodeIgniter\CodeIgniter->run()
CRITICAL - 2025-03-09 14:57:06 --> Undefined array key "Image/development.png"
in APPPATH\Views\v_AccueilEvenements.php on line 7.
 1 APPPATH\Views\v_AccueilEvenements.php(7): CodeIgniter\Debug\Exceptions->errorHandler(2, 'Undefined array key "Image/development.png"', 'C:\\Users\\ezK2o\\Documents\\GitHub\\NouvelleVague\\app\\Views\\v_AccueilEvenements.php', 7)
 2 SYSTEMPATH\View\View.php(228): include('C:\\Users\\ezK2o\\Documents\\GitHub\\NouvelleVague\\app\\Views\\v_AccueilEvenements.php')
 3 SYSTEMPATH\View\View.php(231): CodeIgniter\View\View->CodeIgniter\View\{closure}()
 4 SYSTEMPATH\Common.php(1190): CodeIgniter\View\View->render('v_AccueilEvenements.php', [], true)
 5 APPPATH\Controllers\Moncontroleur.php(32): view('v_AccueilEvenements.php', [...])
 6 SYSTEMPATH\CodeIgniter.php(942): App\Controllers\Moncontroleur->index()
 7 SYSTEMPATH\CodeIgniter.php(502): CodeIgniter\CodeIgniter->runController(Object(App\Controllers\Moncontroleur))
 8 SYSTEMPATH\CodeIgniter.php(361): CodeIgniter\CodeIgniter->handleRequest(null, Object(Config\Cache), false)
 9 FCPATH\index.php(79): CodeIgniter\CodeIgniter->run()
CRITICAL - 2025-03-09 14:57:07 --> Undefined array key "Image/development.png"
in APPPATH\Views\v_AccueilEvenements.php on line 7.
 1 APPPATH\Views\v_AccueilEvenements.php(7): CodeIgniter\Debug\Exceptions->errorHandler(2, 'Undefined array key "Image/development.png"', 'C:\\Users\\ezK2o\\Documents\\GitHub\\NouvelleVague\\app\\Views\\v_AccueilEvenements.php', 7)
 2 SYSTEMPATH\View\View.php(228): include('C:\\Users\\ezK2o\\Documents\\GitHub\\NouvelleVague\\app\\Views\\v_AccueilEvenements.php')
 3 SYSTEMPATH\View\View.php(231): CodeIgniter\View\View->CodeIgniter\View\{closure}()
 4 SYSTEMPATH\Common.php(1190): CodeIgniter\View\View->render('v_AccueilEvenements.php', [], true)
 5 APPPATH\Controllers\Moncontroleur.php(32): view('v_AccueilEvenements.php', [...])
 6 SYSTEMPATH\CodeIgniter.php(942): App\Controllers\Moncontroleur->index()
 7 SYSTEMPATH\CodeIgniter.php(502): CodeIgniter\CodeIgniter->runController(Object(App\Controllers\Moncontroleur))
 8 SYSTEMPATH\CodeIgniter.php(361): CodeIgniter\CodeIgniter->handleRequest(null, Object(Config\Cache), false)
 9 FCPATH\index.php(79): CodeIgniter\CodeIgniter->run()
CRITICAL - 2025-03-09 14:59:34 --> Call to a member function resize() on string
in APPPATH\Views\v_AccueilEvenements.php on line 7.
 1 SYSTEMPATH\View\View.php(228): include()
 2 SYSTEMPATH\View\View.php(231): CodeIgniter\View\View->CodeIgniter\View\{closure}()
 3 SYSTEMPATH\Common.php(1190): CodeIgniter\View\View->render('v_AccueilEvenements.php', [], true)
 4 APPPATH\Controllers\Moncontroleur.php(32): view('v_AccueilEvenements.php', [...])
 5 SYSTEMPATH\CodeIgniter.php(942): App\Controllers\Moncontroleur->index()
 6 SYSTEMPATH\CodeIgniter.php(502): CodeIgniter\CodeIgniter->runController(Object(App\Controllers\Moncontroleur))
 7 SYSTEMPATH\CodeIgniter.php(361): CodeIgniter\CodeIgniter->handleRequest(null, Object(Config\Cache), false)
 8 FCPATH\index.php(79): CodeIgniter\CodeIgniter->run()
CRITICAL - 2025-03-09 14:59:35 --> Call to a member function resize() on string
in APPPATH\Views\v_AccueilEvenements.php on line 7.
 1 SYSTEMPATH\View\View.php(228): include()
 2 SYSTEMPATH\View\View.php(231): CodeIgniter\View\View->CodeIgniter\View\{closure}()
 3 SYSTEMPATH\Common.php(1190): CodeIgniter\View\View->render('v_AccueilEvenements.php', [], true)
 4 APPPATH\Controllers\Moncontroleur.php(32): view('v_AccueilEvenements.php', [...])
 5 SYSTEMPATH\CodeIgniter.php(942): App\Controllers\Moncontroleur->index()
 6 SYSTEMPATH\CodeIgniter.php(502): CodeIgniter\CodeIgniter->runController(Object(App\Controllers\Moncontroleur))
 7 SYSTEMPATH\CodeIgniter.php(361): CodeIgniter\CodeIgniter->handleRequest(null, Object(Config\Cache), false)
 8 FCPATH\index.php(79): CodeIgniter\CodeIgniter->run()
CRITICAL - 2025-03-09 15:02:04 --> Undefined variable $imagePath
in APPPATH\Views\v_AccueilEvenements.php on line 9.
 1 APPPATH\Views\v_AccueilEvenements.php(9): CodeIgniter\Debug\Exceptions->errorHandler(2, 'Undefined variable $imagePath', 'C:\\Users\\ezK2o\\Documents\\GitHub\\NouvelleVague\\app\\Views\\v_AccueilEvenements.php', 9)
 2 SYSTEMPATH\View\View.php(228): include('C:\\Users\\ezK2o\\Documents\\GitHub\\NouvelleVague\\app\\Views\\v_AccueilEvenements.php')
 3 SYSTEMPATH\View\View.php(231): CodeIgniter\View\View->CodeIgniter\View\{closure}()
 4 SYSTEMPATH\Common.php(1190): CodeIgniter\View\View->render('v_AccueilEvenements.php', [], true)
 5 APPPATH\Controllers\Moncontroleur.php(32): view('v_AccueilEvenements.php', [...])
 6 SYSTEMPATH\CodeIgniter.php(942): App\Controllers\Moncontroleur->index()
 7 SYSTEMPATH\CodeIgniter.php(502): CodeIgniter\CodeIgniter->runController(Object(App\Controllers\Moncontroleur))
 8 SYSTEMPATH\CodeIgniter.php(361): CodeIgniter\CodeIgniter->handleRequest(null, Object(Config\Cache), false)
 9 FCPATH\index.php(79): CodeIgniter\CodeIgniter->run()
CRITICAL - 2025-03-09 15:02:04 --> Undefined variable $imagePath
in APPPATH\Views\v_AccueilEvenements.php on line 9.
 1 APPPATH\Views\v_AccueilEvenements.php(9): CodeIgniter\Debug\Exceptions->errorHandler(2, 'Undefined variable $imagePath', 'C:\\Users\\ezK2o\\Documents\\GitHub\\NouvelleVague\\app\\Views\\v_AccueilEvenements.php', 9)
 2 SYSTEMPATH\View\View.php(228): include('C:\\Users\\ezK2o\\Documents\\GitHub\\NouvelleVague\\app\\Views\\v_AccueilEvenements.php')
 3 SYSTEMPATH\View\View.php(231): CodeIgniter\View\View->CodeIgniter\View\{closure}()
 4 SYSTEMPATH\Common.php(1190): CodeIgniter\View\View->render('v_AccueilEvenements.php', [], true)
 5 APPPATH\Controllers\Moncontroleur.php(32): view('v_AccueilEvenements.php', [...])
 6 SYSTEMPATH\CodeIgniter.php(942): App\Controllers\Moncontroleur->index()
 7 SYSTEMPATH\CodeIgniter.php(502): CodeIgniter\CodeIgniter->runController(Object(App\Controllers\Moncontroleur))
 8 SYSTEMPATH\CodeIgniter.php(361): CodeIgniter\CodeIgniter->handleRequest(null, Object(Config\Cache), false)
 9 FCPATH\index.php(79): CodeIgniter\CodeIgniter->run()
CRITICAL - 2025-03-09 15:02:05 --> Undefined variable $imagePath
in APPPATH\Views\v_AccueilEvenements.php on line 9.
 1 APPPATH\Views\v_AccueilEvenements.php(9): CodeIgniter\Debug\Exceptions->errorHandler(2, 'Undefined variable $imagePath', 'C:\\Users\\ezK2o\\Documents\\GitHub\\NouvelleVague\\app\\Views\\v_AccueilEvenements.php', 9)
 2 SYSTEMPATH\View\View.php(228): include('C:\\Users\\ezK2o\\Documents\\GitHub\\NouvelleVague\\app\\Views\\v_AccueilEvenements.php')
 3 SYSTEMPATH\View\View.php(231): CodeIgniter\View\View->CodeIgniter\View\{closure}()
 4 SYSTEMPATH\Common.php(1190): CodeIgniter\View\View->render('v_AccueilEvenements.php', [], true)
 5 APPPATH\Controllers\Moncontroleur.php(32): view('v_AccueilEvenements.php', [...])
 6 SYSTEMPATH\CodeIgniter.php(942): App\Controllers\Moncontroleur->index()
 7 SYSTEMPATH\CodeIgniter.php(502): CodeIgniter\CodeIgniter->runController(Object(App\Controllers\Moncontroleur))
 8 SYSTEMPATH\CodeIgniter.php(361): CodeIgniter\CodeIgniter->handleRequest(null, Object(Config\Cache), false)
 9 FCPATH\index.php(79): CodeIgniter\CodeIgniter->run()
CRITICAL - 2025-03-09 15:02:05 --> Undefined variable $imagePath
in APPPATH\Views\v_AccueilEvenements.php on line 9.
 1 APPPATH\Views\v_AccueilEvenements.php(9): CodeIgniter\Debug\Exceptions->errorHandler(2, 'Undefined variable $imagePath', 'C:\\Users\\ezK2o\\Documents\\GitHub\\NouvelleVague\\app\\Views\\v_AccueilEvenements.php', 9)
 2 SYSTEMPATH\View\View.php(228): include('C:\\Users\\ezK2o\\Documents\\GitHub\\NouvelleVague\\app\\Views\\v_AccueilEvenements.php')
 3 SYSTEMPATH\View\View.php(231): CodeIgniter\View\View->CodeIgniter\View\{closure}()
 4 SYSTEMPATH\Common.php(1190): CodeIgniter\View\View->render('v_AccueilEvenements.php', [], true)
 5 APPPATH\Controllers\Moncontroleur.php(32): view('v_AccueilEvenements.php', [...])
 6 SYSTEMPATH\CodeIgniter.php(942): App\Controllers\Moncontroleur->index()
 7 SYSTEMPATH\CodeIgniter.php(502): CodeIgniter\CodeIgniter->runController(Object(App\Controllers\Moncontroleur))
 8 SYSTEMPATH\CodeIgniter.php(361): CodeIgniter\CodeIgniter->handleRequest(null, Object(Config\Cache), false)
 9 FCPATH\index.php(79): CodeIgniter\CodeIgniter->run()
CRITICAL - 2025-03-09 15:03:38 --> Undefined variable $unEvenement
in APPPATH\Views\v_AccueilEvenements.php on line 7.
 1 APPPATH\Views\v_AccueilEvenements.php(7): CodeIgniter\Debug\Exceptions->errorHandler(2, 'Undefined variable $unEvenement', 'C:\\Users\\ezK2o\\Documents\\GitHub\\NouvelleVague\\app\\Views\\v_AccueilEvenements.php', 7)
 2 SYSTEMPATH\View\View.php(228): include('C:\\Users\\ezK2o\\Documents\\GitHub\\NouvelleVague\\app\\Views\\v_AccueilEvenements.php')
 3 SYSTEMPATH\View\View.php(231): CodeIgniter\View\View->CodeIgniter\View\{closure}()
 4 SYSTEMPATH\Common.php(1190): CodeIgniter\View\View->render('v_AccueilEvenements.php', [], true)
 5 APPPATH\Controllers\Moncontroleur.php(32): view('v_AccueilEvenements.php', [...])
 6 SYSTEMPATH\CodeIgniter.php(942): App\Controllers\Moncontroleur->index()
 7 SYSTEMPATH\CodeIgniter.php(502): CodeIgniter\CodeIgniter->runController(Object(App\Controllers\Moncontroleur))
 8 SYSTEMPATH\CodeIgniter.php(361): CodeIgniter\CodeIgniter->handleRequest(null, Object(Config\Cache), false)
 9 FCPATH\index.php(79): CodeIgniter\CodeIgniter->run()
CRITICAL - 2025-03-09 15:03:39 --> Undefined variable $unEvenement
in APPPATH\Views\v_AccueilEvenements.php on line 7.
 1 APPPATH\Views\v_AccueilEvenements.php(7): CodeIgniter\Debug\Exceptions->errorHandler(2, 'Undefined variable $unEvenement', 'C:\\Users\\ezK2o\\Documents\\GitHub\\NouvelleVague\\app\\Views\\v_AccueilEvenements.php', 7)
 2 SYSTEMPATH\View\View.php(228): include('C:\\Users\\ezK2o\\Documents\\GitHub\\NouvelleVague\\app\\Views\\v_AccueilEvenements.php')
 3 SYSTEMPATH\View\View.php(231): CodeIgniter\View\View->CodeIgniter\View\{closure}()
 4 SYSTEMPATH\Common.php(1190): CodeIgniter\View\View->render('v_AccueilEvenements.php', [], true)
 5 APPPATH\Controllers\Moncontroleur.php(32): view('v_AccueilEvenements.php', [...])
 6 SYSTEMPATH\CodeIgniter.php(942): App\Controllers\Moncontroleur->index()
 7 SYSTEMPATH\CodeIgniter.php(502): CodeIgniter\CodeIgniter->runController(Object(App\Controllers\Moncontroleur))
 8 SYSTEMPATH\CodeIgniter.php(361): CodeIgniter\CodeIgniter->handleRequest(null, Object(Config\Cache), false)
 9 FCPATH\index.php(79): CodeIgniter\CodeIgniter->run()
CRITICAL - 2025-03-09 15:03:40 --> Undefined variable $unEvenement
in APPPATH\Views\v_AccueilEvenements.php on line 7.
 1 APPPATH\Views\v_AccueilEvenements.php(7): CodeIgniter\Debug\Exceptions->errorHandler(2, 'Undefined variable $unEvenement', 'C:\\Users\\ezK2o\\Documents\\GitHub\\NouvelleVague\\app\\Views\\v_AccueilEvenements.php', 7)
 2 SYSTEMPATH\View\View.php(228): include('C:\\Users\\ezK2o\\Documents\\GitHub\\NouvelleVague\\app\\Views\\v_AccueilEvenements.php')
 3 SYSTEMPATH\View\View.php(231): CodeIgniter\View\View->CodeIgniter\View\{closure}()
 4 SYSTEMPATH\Common.php(1190): CodeIgniter\View\View->render('v_AccueilEvenements.php', [], true)
 5 APPPATH\Controllers\Moncontroleur.php(32): view('v_AccueilEvenements.php', [...])
 6 SYSTEMPATH\CodeIgniter.php(942): App\Controllers\Moncontroleur->index()
 7 SYSTEMPATH\CodeIgniter.php(502): CodeIgniter\CodeIgniter->runController(Object(App\Controllers\Moncontroleur))
 8 SYSTEMPATH\CodeIgniter.php(361): CodeIgniter\CodeIgniter->handleRequest(null, Object(Config\Cache), false)
 9 FCPATH\index.php(79): CodeIgniter\CodeIgniter->run()
